{"/Users/mattpowell/Dropbox/Javascript/11_Dan_Page/shared-calendar/shared-calendar/playwright.config.ts": {"path":"/Users/mattpowell/Dropbox/Javascript/11_Dan_Page/shared-calendar/shared-calendar/playwright.config.ts","all":true,"statementMap":{"0":{"start":{"line":1,"column":0},"end":{"line":1,"column":57}},"13":{"start":{"line":14,"column":0},"end":{"line":14,"column":29}},"14":{"start":{"line":15,"column":0},"end":{"line":15,"column":42}},"16":{"start":{"line":17,"column":0},"end":{"line":17,"column":22}},"18":{"start":{"line":19,"column":0},"end":{"line":19,"column":31}},"20":{"start":{"line":21,"column":0},"end":{"line":21,"column":34}},"22":{"start":{"line":23,"column":0},"end":{"line":23,"column":42}},"24":{"start":{"line":25,"column":0},"end":{"line":25,"column":19}},"26":{"start":{"line":27,"column":0},"end":{"line":27,"column":8}},"31":{"start":{"line":32,"column":0},"end":{"line":32,"column":28}},"32":{"start":{"line":33,"column":0},"end":{"line":33,"column":4}},"35":{"start":{"line":36,"column":0},"end":{"line":36,"column":13}},"36":{"start":{"line":37,"column":0},"end":{"line":37,"column":5}},"37":{"start":{"line":38,"column":0},"end":{"line":38,"column":23}},"38":{"start":{"line":39,"column":0},"end":{"line":39,"column":44}},"39":{"start":{"line":40,"column":0},"end":{"line":40,"column":6}},"41":{"start":{"line":42,"column":0},"end":{"line":42,"column":5}},"42":{"start":{"line":43,"column":0},"end":{"line":43,"column":22}},"43":{"start":{"line":44,"column":0},"end":{"line":44,"column":45}},"44":{"start":{"line":45,"column":0},"end":{"line":45,"column":6}},"46":{"start":{"line":47,"column":0},"end":{"line":47,"column":5}},"47":{"start":{"line":48,"column":0},"end":{"line":48,"column":21}},"48":{"start":{"line":49,"column":0},"end":{"line":49,"column":44}},"49":{"start":{"line":50,"column":0},"end":{"line":50,"column":6}},"70":{"start":{"line":71,"column":0},"end":{"line":71,"column":4}},"78":{"start":{"line":79,"column":0},"end":{"line":79,"column":3}}},"s":{"0":0,"13":0,"14":0,"16":0,"18":0,"20":0,"22":0,"24":0,"26":0,"31":0,"32":0,"35":0,"36":0,"37":0,"38":0,"39":0,"41":0,"42":0,"43":0,"44":0,"46":0,"47":0,"48":0,"49":0,"70":0,"78":0},"branchMap":{"0":{"type":"branch","line":1,"loc":{"start":{"line":1,"column":2198},"end":{"line":79,"column":3}},"locations":[{"start":{"line":1,"column":2198},"end":{"line":79,"column":3}}]}},"b":{"0":[0]},"fnMap":{"0":{"name":"(empty-report)","decl":{"start":{"line":1,"column":2198},"end":{"line":79,"column":3}},"loc":{"start":{"line":1,"column":2198},"end":{"line":79,"column":3}},"line":1}},"f":{"0":0}}
,"/Users/mattpowell/Dropbox/Javascript/11_Dan_Page/shared-calendar/shared-calendar/_trash/subscribeToEntry/SubscribeToEntry.tsx": {"path":"/Users/mattpowell/Dropbox/Javascript/11_Dan_Page/shared-calendar/shared-calendar/_trash/subscribeToEntry/SubscribeToEntry.tsx","all":true,"statementMap":{"0":{"start":{"line":1,"column":0},"end":{"line":1,"column":48}},"1":{"start":{"line":2,"column":0},"end":{"line":2,"column":34}},"2":{"start":{"line":3,"column":0},"end":{"line":3,"column":59}},"3":{"start":{"line":4,"column":0},"end":{"line":4,"column":56}},"4":{"start":{"line":5,"column":0},"end":{"line":5,"column":76}},"5":{"start":{"line":6,"column":0},"end":{"line":6,"column":8}},"10":{"start":{"line":11,"column":0},"end":{"line":11,"column":33}},"12":{"start":{"line":13,"column":0},"end":{"line":13,"column":68}},"13":{"start":{"line":14,"column":0},"end":{"line":14,"column":64}},"14":{"start":{"line":15,"column":0},"end":{"line":15,"column":54}},"20":{"start":{"line":21,"column":0},"end":{"line":21,"column":77}},"21":{"start":{"line":22,"column":0},"end":{"line":22,"column":79}},"23":{"start":{"line":24,"column":0},"end":{"line":24,"column":10}},"24":{"start":{"line":25,"column":0},"end":{"line":25,"column":70}},"25":{"start":{"line":26,"column":0},"end":{"line":26,"column":160}},"26":{"start":{"line":27,"column":0},"end":{"line":27,"column":56}},"27":{"start":{"line":28,"column":0},"end":{"line":28,"column":50}},"28":{"start":{"line":29,"column":0},"end":{"line":29,"column":18}},"29":{"start":{"line":30,"column":0},"end":{"line":30,"column":16}},"30":{"start":{"line":31,"column":0},"end":{"line":31,"column":25}},"31":{"start":{"line":32,"column":0},"end":{"line":32,"column":74}},"33":{"start":{"line":34,"column":0},"end":{"line":34,"column":114}},"34":{"start":{"line":35,"column":0},"end":{"line":35,"column":79}},"35":{"start":{"line":36,"column":0},"end":{"line":36,"column":40}},"36":{"start":{"line":37,"column":0},"end":{"line":37,"column":20}},"37":{"start":{"line":38,"column":0},"end":{"line":38,"column":62}},"38":{"start":{"line":39,"column":0},"end":{"line":39,"column":48}},"39":{"start":{"line":40,"column":0},"end":{"line":40,"column":20}},"40":{"start":{"line":41,"column":0},"end":{"line":41,"column":69}},"41":{"start":{"line":42,"column":0},"end":{"line":42,"column":45}},"42":{"start":{"line":43,"column":0},"end":{"line":43,"column":20}},"43":{"start":{"line":44,"column":0},"end":{"line":44,"column":20}},"45":{"start":{"line":46,"column":0},"end":{"line":46,"column":35}},"46":{"start":{"line":47,"column":0},"end":{"line":47,"column":120}},"48":{"start":{"line":49,"column":0},"end":{"line":49,"column":20}},"51":{"start":{"line":52,"column":0},"end":{"line":52,"column":54}},"52":{"start":{"line":53,"column":0},"end":{"line":53,"column":24}},"53":{"start":{"line":54,"column":0},"end":{"line":54,"column":80}},"55":{"start":{"line":56,"column":0},"end":{"line":56,"column":17}},"56":{"start":{"line":57,"column":0},"end":{"line":57,"column":18}},"58":{"start":{"line":59,"column":0},"end":{"line":59,"column":11}},"59":{"start":{"line":60,"column":0},"end":{"line":60,"column":16}},"60":{"start":{"line":61,"column":0},"end":{"line":61,"column":10}},"62":{"start":{"line":63,"column":0},"end":{"line":63,"column":2}}},"s":{"0":0,"1":0,"2":0,"3":0,"4":0,"5":0,"10":0,"12":0,"13":0,"14":0,"20":0,"21":0,"23":0,"24":0,"25":0,"26":0,"27":0,"28":0,"29":0,"30":0,"31":0,"33":0,"34":0,"35":0,"36":0,"37":0,"38":0,"39":0,"40":0,"41":0,"42":0,"43":0,"45":0,"46":0,"48":0,"51":0,"52":0,"53":0,"55":0,"56":0,"58":0,"59":0,"60":0,"62":0},"branchMap":{"0":{"type":"branch","line":1,"loc":{"start":{"line":1,"column":1530},"end":{"line":63,"column":-843}},"locations":[{"start":{"line":1,"column":1530},"end":{"line":63,"column":-843}}]}},"b":{"0":[0]},"fnMap":{"0":{"name":"(empty-report)","decl":{"start":{"line":1,"column":1530},"end":{"line":63,"column":-843}},"loc":{"start":{"line":1,"column":1530},"end":{"line":63,"column":-843}},"line":1}},"f":{"0":0}}
,"/Users/mattpowell/Dropbox/Javascript/11_Dan_Page/shared-calendar/shared-calendar/_trash/subscribeToEntry/addSubscribedEntry.ts": {"path":"/Users/mattpowell/Dropbox/Javascript/11_Dan_Page/shared-calendar/shared-calendar/_trash/subscribeToEntry/addSubscribedEntry.ts","all":true,"statementMap":{"0":{"start":{"line":1,"column":0},"end":{"line":1,"column":64}},"1":{"start":{"line":2,"column":0},"end":{"line":2,"column":41}},"2":{"start":{"line":3,"column":0},"end":{"line":3,"column":47}},"4":{"start":{"line":5,"column":0},"end":{"line":5,"column":55}},"5":{"start":{"line":6,"column":0},"end":{"line":6,"column":7}},"6":{"start":{"line":7,"column":0},"end":{"line":7,"column":35}},"8":{"start":{"line":9,"column":0},"end":{"line":9,"column":50}},"10":{"start":{"line":11,"column":0},"end":{"line":11,"column":33}},"11":{"start":{"line":12,"column":0},"end":{"line":12,"column":45}},"12":{"start":{"line":13,"column":0},"end":{"line":13,"column":7}},"13":{"start":{"line":14,"column":0},"end":{"line":14,"column":19}},"14":{"start":{"line":15,"column":0},"end":{"line":15,"column":60}},"15":{"start":{"line":16,"column":0},"end":{"line":16,"column":16}},"16":{"start":{"line":17,"column":0},"end":{"line":17,"column":3}},"17":{"start":{"line":18,"column":0},"end":{"line":18,"column":2}},"19":{"start":{"line":20,"column":0},"end":{"line":20,"column":34}}},"s":{"0":0,"1":0,"2":0,"4":0,"5":0,"6":0,"8":0,"10":0,"11":0,"12":0,"13":0,"14":0,"15":0,"16":0,"17":0,"19":0},"branchMap":{"0":{"type":"branch","line":1,"loc":{"start":{"line":1,"column":0},"end":{"line":20,"column":-215}},"locations":[{"start":{"line":1,"column":0},"end":{"line":20,"column":-215}}]}},"b":{"0":[0]},"fnMap":{"0":{"name":"(empty-report)","decl":{"start":{"line":1,"column":0},"end":{"line":20,"column":-215}},"loc":{"start":{"line":1,"column":0},"end":{"line":20,"column":-215}},"line":1}},"f":{"0":0}}
,"/Users/mattpowell/Dropbox/Javascript/11_Dan_Page/shared-calendar/shared-calendar/_trash/trash2/addCalendarEntry.ts": {"path":"/Users/mattpowell/Dropbox/Javascript/11_Dan_Page/shared-calendar/shared-calendar/_trash/trash2/addCalendarEntry.ts","all":true,"statementMap":{"0":{"start":{"line":1,"column":0},"end":{"line":1,"column":80}},"1":{"start":{"line":2,"column":0},"end":{"line":2,"column":55}},"3":{"start":{"line":4,"column":0},"end":{"line":4,"column":54}},"4":{"start":{"line":5,"column":0},"end":{"line":5,"column":26}},"5":{"start":{"line":6,"column":0},"end":{"line":6,"column":44}},"6":{"start":{"line":7,"column":0},"end":{"line":7,"column":11}},"7":{"start":{"line":8,"column":0},"end":{"line":8,"column":3}},"8":{"start":{"line":9,"column":0},"end":{"line":9,"column":7}},"9":{"start":{"line":10,"column":0},"end":{"line":10,"column":59}},"10":{"start":{"line":11,"column":0},"end":{"line":11,"column":52}},"12":{"start":{"line":13,"column":0},"end":{"line":13,"column":20}},"13":{"start":{"line":14,"column":0},"end":{"line":14,"column":52}},"14":{"start":{"line":15,"column":0},"end":{"line":15,"column":13}},"15":{"start":{"line":16,"column":0},"end":{"line":16,"column":5}},"18":{"start":{"line":19,"column":0},"end":{"line":19,"column":8}},"19":{"start":{"line":20,"column":0},"end":{"line":20,"column":21}},"20":{"start":{"line":21,"column":0},"end":{"line":21,"column":27}},"21":{"start":{"line":22,"column":0},"end":{"line":22,"column":24}},"22":{"start":{"line":23,"column":0},"end":{"line":23,"column":19}},"23":{"start":{"line":24,"column":0},"end":{"line":24,"column":7}},"24":{"start":{"line":25,"column":0},"end":{"line":25,"column":49}},"25":{"start":{"line":26,"column":0},"end":{"line":26,"column":5}},"28":{"start":{"line":29,"column":0},"end":{"line":29,"column":44}},"29":{"start":{"line":30,"column":0},"end":{"line":30,"column":42}},"30":{"start":{"line":31,"column":0},"end":{"line":31,"column":5}},"33":{"start":{"line":34,"column":0},"end":{"line":34,"column":34}},"34":{"start":{"line":35,"column":0},"end":{"line":35,"column":9}},"35":{"start":{"line":36,"column":0},"end":{"line":36,"column":14}},"36":{"start":{"line":37,"column":0},"end":{"line":37,"column":27}},"37":{"start":{"line":38,"column":0},"end":{"line":38,"column":24}},"38":{"start":{"line":39,"column":0},"end":{"line":39,"column":6}},"39":{"start":{"line":40,"column":0},"end":{"line":40,"column":30}},"40":{"start":{"line":41,"column":0},"end":{"line":41,"column":25}},"41":{"start":{"line":42,"column":0},"end":{"line":42,"column":37}},"42":{"start":{"line":43,"column":0},"end":{"line":43,"column":51}},"43":{"start":{"line":44,"column":0},"end":{"line":44,"column":27}},"44":{"start":{"line":45,"column":0},"end":{"line":45,"column":7}},"45":{"start":{"line":46,"column":0},"end":{"line":46,"column":15}},"46":{"start":{"line":47,"column":0},"end":{"line":47,"column":48}},"47":{"start":{"line":48,"column":0},"end":{"line":48,"column":3}},"48":{"start":{"line":49,"column":0},"end":{"line":49,"column":2}}},"s":{"0":0,"1":0,"3":0,"4":0,"5":0,"6":0,"7":0,"8":0,"9":0,"10":0,"12":0,"13":0,"14":0,"15":0,"18":0,"19":0,"20":0,"21":0,"22":0,"23":0,"24":0,"25":0,"28":0,"29":0,"30":0,"33":0,"34":0,"35":0,"36":0,"37":0,"38":0,"39":0,"40":0,"41":0,"42":0,"43":0,"44":0,"45":0,"46":0,"47":0,"48":0},"branchMap":{"0":{"type":"branch","line":1,"loc":{"start":{"line":1,"column":0},"end":{"line":49,"column":-208}},"locations":[{"start":{"line":1,"column":0},"end":{"line":49,"column":-208}}]}},"b":{"0":[0]},"fnMap":{"0":{"name":"(empty-report)","decl":{"start":{"line":1,"column":0},"end":{"line":49,"column":-208}},"loc":{"start":{"line":1,"column":0},"end":{"line":49,"column":-208}},"line":1}},"f":{"0":0}}
,"/Users/mattpowell/Dropbox/Javascript/11_Dan_Page/shared-calendar/shared-calendar/_trash/trash2/carousel.tsx": {"path":"/Users/mattpowell/Dropbox/Javascript/11_Dan_Page/shared-calendar/shared-calendar/_trash/trash2/carousel.tsx","all":true,"statementMap":{"0":{"start":{"line":1,"column":0},"end":{"line":1,"column":30}},"1":{"start":{"line":2,"column":0},"end":{"line":2,"column":26}},"4":{"start":{"line":5,"column":0},"end":{"line":5,"column":58}},"5":{"start":{"line":6,"column":0},"end":{"line":6,"column":60}},"7":{"start":{"line":8,"column":0},"end":{"line":8,"column":33}},"8":{"start":{"line":9,"column":0},"end":{"line":9,"column":48}},"31":{"start":{"line":32,"column":0},"end":{"line":32,"column":79}},"33":{"start":{"line":34,"column":0},"end":{"line":34,"column":24}},"34":{"start":{"line":35,"column":0},"end":{"line":35,"column":52}},"36":{"start":{"line":37,"column":0},"end":{"line":37,"column":17}},"37":{"start":{"line":38,"column":0},"end":{"line":38,"column":70}},"38":{"start":{"line":39,"column":0},"end":{"line":39,"column":3}},"40":{"start":{"line":41,"column":0},"end":{"line":41,"column":17}},"41":{"start":{"line":42,"column":0},"end":{"line":42,"column":1}},"43":{"start":{"line":44,"column":0},"end":{"line":44,"column":19}},"44":{"start":{"line":45,"column":0},"end":{"line":45,"column":29}},"45":{"start":{"line":46,"column":0},"end":{"line":46,"column":7}},"46":{"start":{"line":47,"column":0},"end":{"line":47,"column":9}},"47":{"start":{"line":48,"column":0},"end":{"line":48,"column":10}},"48":{"start":{"line":49,"column":0},"end":{"line":49,"column":12}},"49":{"start":{"line":50,"column":0},"end":{"line":50,"column":11}},"50":{"start":{"line":51,"column":0},"end":{"line":51,"column":10}},"51":{"start":{"line":52,"column":0},"end":{"line":52,"column":49}},"52":{"start":{"line":53,"column":0},"end":{"line":53,"column":46}},"53":{"start":{"line":54,"column":0},"end":{"line":54,"column":5}},"54":{"start":{"line":55,"column":0},"end":{"line":55,"column":14}},"55":{"start":{"line":56,"column":0},"end":{"line":56,"column":53}},"56":{"start":{"line":57,"column":0},"end":{"line":57,"column":33}},"57":{"start":{"line":58,"column":0},"end":{"line":58,"column":22}},"58":{"start":{"line":59,"column":0},"end":{"line":59,"column":6}},"59":{"start":{"line":60,"column":0},"end":{"line":60,"column":12}},"60":{"start":{"line":61,"column":0},"end":{"line":61,"column":4}},"61":{"start":{"line":62,"column":0},"end":{"line":62,"column":66}},"62":{"start":{"line":63,"column":0},"end":{"line":63,"column":66}},"64":{"start":{"line":65,"column":0},"end":{"line":65,"column":60}},"65":{"start":{"line":66,"column":0},"end":{"line":66,"column":21}},"66":{"start":{"line":67,"column":0},"end":{"line":67,"column":42}},"67":{"start":{"line":68,"column":0},"end":{"line":68,"column":42}},"68":{"start":{"line":69,"column":0},"end":{"line":69,"column":9}},"70":{"start":{"line":71,"column":0},"end":{"line":71,"column":46}},"71":{"start":{"line":72,"column":0},"end":{"line":72,"column":22}},"72":{"start":{"line":73,"column":0},"end":{"line":73,"column":12}},"74":{"start":{"line":75,"column":0},"end":{"line":75,"column":46}},"75":{"start":{"line":76,"column":0},"end":{"line":76,"column":22}},"76":{"start":{"line":77,"column":0},"end":{"line":77,"column":12}},"78":{"start":{"line":79,"column":0},"end":{"line":79,"column":42}},"79":{"start":{"line":80,"column":0},"end":{"line":80,"column":53}},"80":{"start":{"line":81,"column":0},"end":{"line":81,"column":38}},"81":{"start":{"line":82,"column":0},"end":{"line":82,"column":31}},"82":{"start":{"line":83,"column":0},"end":{"line":83,"column":21}},"83":{"start":{"line":84,"column":0},"end":{"line":84,"column":46}},"84":{"start":{"line":85,"column":0},"end":{"line":85,"column":31}},"85":{"start":{"line":86,"column":0},"end":{"line":86,"column":21}},"86":{"start":{"line":87,"column":0},"end":{"line":87,"column":7}},"87":{"start":{"line":88,"column":0},"end":{"line":88,"column":6}},"88":{"start":{"line":89,"column":0},"end":{"line":89,"column":29}},"89":{"start":{"line":90,"column":0},"end":{"line":90,"column":4}},"91":{"start":{"line":92,"column":0},"end":{"line":92,"column":25}},"92":{"start":{"line":93,"column":0},"end":{"line":93,"column":32}},"93":{"start":{"line":94,"column":0},"end":{"line":94,"column":16}},"94":{"start":{"line":95,"column":0},"end":{"line":95,"column":20}},"96":{"start":{"line":97,"column":0},"end":{"line":97,"column":25}},"97":{"start":{"line":98,"column":0},"end":{"line":98,"column":21}},"98":{"start":{"line":99,"column":0},"end":{"line":99,"column":18}},"99":{"start":{"line":100,"column":0},"end":{"line":100,"column":31}},"100":{"start":{"line":101,"column":0},"end":{"line":101,"column":31}},"102":{"start":{"line":103,"column":0},"end":{"line":103,"column":18}},"103":{"start":{"line":104,"column":0},"end":{"line":104,"column":35}},"104":{"start":{"line":105,"column":0},"end":{"line":105,"column":6}},"105":{"start":{"line":106,"column":0},"end":{"line":106,"column":22}},"107":{"start":{"line":108,"column":0},"end":{"line":108,"column":10}},"108":{"start":{"line":109,"column":0},"end":{"line":109,"column":29}},"109":{"start":{"line":110,"column":0},"end":{"line":110,"column":14}},"110":{"start":{"line":111,"column":0},"end":{"line":111,"column":20}},"111":{"start":{"line":112,"column":0},"end":{"line":112,"column":17}},"112":{"start":{"line":113,"column":0},"end":{"line":113,"column":13}},"113":{"start":{"line":114,"column":0},"end":{"line":114,"column":20}},"114":{"start":{"line":115,"column":0},"end":{"line":115,"column":74}},"115":{"start":{"line":116,"column":0},"end":{"line":116,"column":19}},"116":{"start":{"line":117,"column":0},"end":{"line":117,"column":19}},"117":{"start":{"line":118,"column":0},"end":{"line":118,"column":22}},"118":{"start":{"line":119,"column":0},"end":{"line":119,"column":22}},"119":{"start":{"line":120,"column":0},"end":{"line":120,"column":8}},"121":{"start":{"line":122,"column":0},"end":{"line":122,"column":10}},"122":{"start":{"line":123,"column":0},"end":{"line":123,"column":40}},"123":{"start":{"line":124,"column":0},"end":{"line":124,"column":45}},"124":{"start":{"line":125,"column":0},"end":{"line":125,"column":21}},"125":{"start":{"line":126,"column":0},"end":{"line":126,"column":39}},"126":{"start":{"line":127,"column":0},"end":{"line":127,"column":28}},"127":{"start":{"line":128,"column":0},"end":{"line":128,"column":18}},"129":{"start":{"line":130,"column":0},"end":{"line":130,"column":18}},"130":{"start":{"line":131,"column":0},"end":{"line":131,"column":12}},"131":{"start":{"line":132,"column":0},"end":{"line":132,"column":31}},"133":{"start":{"line":134,"column":0},"end":{"line":134,"column":1}},"135":{"start":{"line":136,"column":0},"end":{"line":136,"column":80}},"136":{"start":{"line":137,"column":0},"end":{"line":137,"column":53}},"138":{"start":{"line":139,"column":0},"end":{"line":139,"column":10}},"139":{"start":{"line":140,"column":0},"end":{"line":140,"column":8}},"140":{"start":{"line":141,"column":0},"end":{"line":141,"column":23}},"141":{"start":{"line":142,"column":0},"end":{"line":142,"column":47}},"142":{"start":{"line":143,"column":0},"end":{"line":143,"column":34}},"144":{"start":{"line":145,"column":0},"end":{"line":145,"column":10}},"145":{"start":{"line":146,"column":0},"end":{"line":146,"column":22}},"146":{"start":{"line":147,"column":0},"end":{"line":147,"column":17}},"147":{"start":{"line":148,"column":0},"end":{"line":148,"column":68}},"148":{"start":{"line":149,"column":0},"end":{"line":149,"column":20}},"149":{"start":{"line":150,"column":0},"end":{"line":150,"column":10}},"150":{"start":{"line":151,"column":0},"end":{"line":151,"column":18}},"151":{"start":{"line":152,"column":0},"end":{"line":152,"column":8}},"152":{"start":{"line":153,"column":0},"end":{"line":153,"column":10}},"154":{"start":{"line":155,"column":0},"end":{"line":155,"column":1}},"156":{"start":{"line":157,"column":0},"end":{"line":157,"column":77}},"157":{"start":{"line":158,"column":0},"end":{"line":158,"column":40}},"159":{"start":{"line":160,"column":0},"end":{"line":160,"column":10}},"160":{"start":{"line":161,"column":0},"end":{"line":161,"column":8}},"161":{"start":{"line":162,"column":0},"end":{"line":162,"column":18}},"162":{"start":{"line":163,"column":0},"end":{"line":163,"column":34}},"163":{"start":{"line":164,"column":0},"end":{"line":164,"column":31}},"164":{"start":{"line":165,"column":0},"end":{"line":165,"column":20}},"165":{"start":{"line":166,"column":0},"end":{"line":166,"column":45}},"166":{"start":{"line":167,"column":0},"end":{"line":167,"column":55}},"167":{"start":{"line":168,"column":0},"end":{"line":168,"column":18}},"168":{"start":{"line":169,"column":0},"end":{"line":169,"column":8}},"169":{"start":{"line":170,"column":0},"end":{"line":170,"column":16}},"170":{"start":{"line":171,"column":0},"end":{"line":171,"column":6}},"172":{"start":{"line":173,"column":0},"end":{"line":173,"column":1}},"174":{"start":{"line":175,"column":0},"end":{"line":175,"column":27}},"175":{"start":{"line":176,"column":0},"end":{"line":176,"column":12}},"176":{"start":{"line":177,"column":0},"end":{"line":177,"column":22}},"177":{"start":{"line":178,"column":0},"end":{"line":178,"column":16}},"178":{"start":{"line":179,"column":0},"end":{"line":179,"column":10}},"179":{"start":{"line":180,"column":0},"end":{"line":180,"column":41}},"180":{"start":{"line":181,"column":0},"end":{"line":181,"column":67}},"182":{"start":{"line":183,"column":0},"end":{"line":183,"column":10}},"183":{"start":{"line":184,"column":0},"end":{"line":184,"column":11}},"184":{"start":{"line":185,"column":0},"end":{"line":185,"column":35}},"185":{"start":{"line":186,"column":0},"end":{"line":186,"column":23}},"186":{"start":{"line":187,"column":0},"end":{"line":187,"column":17}},"187":{"start":{"line":188,"column":0},"end":{"line":188,"column":20}},"188":{"start":{"line":189,"column":0},"end":{"line":189,"column":45}},"189":{"start":{"line":190,"column":0},"end":{"line":190,"column":36}},"190":{"start":{"line":191,"column":0},"end":{"line":191,"column":46}},"191":{"start":{"line":192,"column":0},"end":{"line":192,"column":58}},"192":{"start":{"line":193,"column":0},"end":{"line":193,"column":18}},"193":{"start":{"line":194,"column":0},"end":{"line":194,"column":8}},"194":{"start":{"line":195,"column":0},"end":{"line":195,"column":31}},"195":{"start":{"line":196,"column":0},"end":{"line":196,"column":26}},"196":{"start":{"line":197,"column":0},"end":{"line":197,"column":16}},"198":{"start":{"line":199,"column":0},"end":{"line":199,"column":55}},"199":{"start":{"line":200,"column":0},"end":{"line":200,"column":53}},"200":{"start":{"line":201,"column":0},"end":{"line":201,"column":13}},"202":{"start":{"line":203,"column":0},"end":{"line":203,"column":1}},"204":{"start":{"line":205,"column":0},"end":{"line":205,"column":23}},"205":{"start":{"line":206,"column":0},"end":{"line":206,"column":12}},"206":{"start":{"line":207,"column":0},"end":{"line":207,"column":22}},"207":{"start":{"line":208,"column":0},"end":{"line":208,"column":16}},"208":{"start":{"line":209,"column":0},"end":{"line":209,"column":10}},"209":{"start":{"line":210,"column":0},"end":{"line":210,"column":41}},"210":{"start":{"line":211,"column":0},"end":{"line":211,"column":67}},"212":{"start":{"line":213,"column":0},"end":{"line":213,"column":10}},"213":{"start":{"line":214,"column":0},"end":{"line":214,"column":11}},"214":{"start":{"line":215,"column":0},"end":{"line":215,"column":31}},"215":{"start":{"line":216,"column":0},"end":{"line":216,"column":23}},"216":{"start":{"line":217,"column":0},"end":{"line":217,"column":17}},"217":{"start":{"line":218,"column":0},"end":{"line":218,"column":20}},"218":{"start":{"line":219,"column":0},"end":{"line":219,"column":45}},"219":{"start":{"line":220,"column":0},"end":{"line":220,"column":36}},"220":{"start":{"line":221,"column":0},"end":{"line":221,"column":46}},"221":{"start":{"line":222,"column":0},"end":{"line":222,"column":61}},"222":{"start":{"line":223,"column":0},"end":{"line":223,"column":18}},"223":{"start":{"line":224,"column":0},"end":{"line":224,"column":8}},"224":{"start":{"line":225,"column":0},"end":{"line":225,"column":31}},"225":{"start":{"line":226,"column":0},"end":{"line":226,"column":26}},"226":{"start":{"line":227,"column":0},"end":{"line":227,"column":16}},"228":{"start":{"line":229,"column":0},"end":{"line":229,"column":52}},"229":{"start":{"line":230,"column":0},"end":{"line":230,"column":49}},"230":{"start":{"line":231,"column":0},"end":{"line":231,"column":13}},"232":{"start":{"line":233,"column":0},"end":{"line":233,"column":1}}},"s":{"0":0,"1":0,"4":0,"5":0,"7":0,"8":0,"31":0,"33":0,"34":0,"36":0,"37":0,"38":0,"40":0,"41":0,"43":0,"44":0,"45":0,"46":0,"47":0,"48":0,"49":0,"50":0,"51":0,"52":0,"53":0,"54":0,"55":0,"56":0,"57":0,"58":0,"59":0,"60":0,"61":0,"62":0,"64":0,"65":0,"66":0,"67":0,"68":0,"70":0,"71":0,"72":0,"74":0,"75":0,"76":0,"78":0,"79":0,"80":0,"81":0,"82":0,"83":0,"84":0,"85":0,"86":0,"87":0,"88":0,"89":0,"91":0,"92":0,"93":0,"94":0,"96":0,"97":0,"98":0,"99":0,"100":0,"102":0,"103":0,"104":0,"105":0,"107":0,"108":0,"109":0,"110":0,"111":0,"112":0,"113":0,"114":0,"115":0,"116":0,"117":0,"118":0,"119":0,"121":0,"122":0,"123":0,"124":0,"125":0,"126":0,"127":0,"129":0,"130":0,"131":0,"133":0,"135":0,"136":0,"138":0,"139":0,"140":0,"141":0,"142":0,"144":0,"145":0,"146":0,"147":0,"148":0,"149":0,"150":0,"151":0,"152":0,"154":0,"156":0,"157":0,"159":0,"160":0,"161":0,"162":0,"163":0,"164":0,"165":0,"166":0,"167":0,"168":0,"169":0,"170":0,"172":0,"174":0,"175":0,"176":0,"177":0,"178":0,"179":0,"180":0,"182":0,"183":0,"184":0,"185":0,"186":0,"187":0,"188":0,"189":0,"190":0,"191":0,"192":0,"193":0,"194":0,"195":0,"196":0,"198":0,"199":0,"200":0,"202":0,"204":0,"205":0,"206":0,"207":0,"208":0,"209":0,"210":0,"212":0,"213":0,"214":0,"215":0,"216":0,"217":0,"218":0,"219":0,"220":0,"221":0,"222":0,"223":0,"224":0,"225":0,"226":0,"228":0,"229":0,"230":0,"232":0},"branchMap":{"0":{"type":"branch","line":1,"loc":{"start":{"line":1,"column":3047},"end":{"line":242,"column":-1387}},"locations":[{"start":{"line":1,"column":3047},"end":{"line":242,"column":-1387}}]}},"b":{"0":[0]},"fnMap":{"0":{"name":"(empty-report)","decl":{"start":{"line":1,"column":3047},"end":{"line":242,"column":-1387}},"loc":{"start":{"line":1,"column":3047},"end":{"line":242,"column":-1387}},"line":1}},"f":{"0":0}}
,"/Users/mattpowell/Dropbox/Javascript/11_Dan_Page/shared-calendar/shared-calendar/_trash/trash2/getCalendarEntiresByDate.ts": {"path":"/Users/mattpowell/Dropbox/Javascript/11_Dan_Page/shared-calendar/shared-calendar/_trash/trash2/getCalendarEntiresByDate.ts","all":true,"statementMap":{"0":{"start":{"line":1,"column":0},"end":{"line":1,"column":8}},"8":{"start":{"line":9,"column":0},"end":{"line":9,"column":55}},"10":{"start":{"line":11,"column":0},"end":{"line":11,"column":63}},"11":{"start":{"line":12,"column":0},"end":{"line":12,"column":26}},"12":{"start":{"line":13,"column":0},"end":{"line":13,"column":44}},"13":{"start":{"line":14,"column":0},"end":{"line":14,"column":11}},"14":{"start":{"line":15,"column":0},"end":{"line":15,"column":3}},"16":{"start":{"line":17,"column":0},"end":{"line":17,"column":7}},"17":{"start":{"line":18,"column":0},"end":{"line":18,"column":59}},"18":{"start":{"line":19,"column":0},"end":{"line":19,"column":47}},"20":{"start":{"line":21,"column":0},"end":{"line":21,"column":33}},"21":{"start":{"line":22,"column":0},"end":{"line":22,"column":52}},"22":{"start":{"line":23,"column":0},"end":{"line":23,"column":18}},"23":{"start":{"line":24,"column":0},"end":{"line":24,"column":5}},"25":{"start":{"line":26,"column":0},"end":{"line":26,"column":70}},"28":{"start":{"line":29,"column":0},"end":{"line":29,"column":43}},"30":{"start":{"line":31,"column":0},"end":{"line":31,"column":59}},"31":{"start":{"line":32,"column":0},"end":{"line":32,"column":62}},"33":{"start":{"line":34,"column":0},"end":{"line":34,"column":77}},"34":{"start":{"line":35,"column":0},"end":{"line":35,"column":36}},"36":{"start":{"line":37,"column":0},"end":{"line":37,"column":34}},"37":{"start":{"line":38,"column":0},"end":{"line":38,"column":59}},"38":{"start":{"line":39,"column":0},"end":{"line":39,"column":44}},"39":{"start":{"line":40,"column":0},"end":{"line":40,"column":42}},"40":{"start":{"line":41,"column":0},"end":{"line":41,"column":8}},"42":{"start":{"line":43,"column":0},"end":{"line":43,"column":60}},"43":{"start":{"line":44,"column":0},"end":{"line":44,"column":60}},"44":{"start":{"line":45,"column":0},"end":{"line":45,"column":19}},"45":{"start":{"line":46,"column":0},"end":{"line":46,"column":22}},"46":{"start":{"line":47,"column":0},"end":{"line":47,"column":10}},"48":{"start":{"line":49,"column":0},"end":{"line":49,"column":22}},"49":{"start":{"line":50,"column":0},"end":{"line":50,"column":7}},"51":{"start":{"line":52,"column":0},"end":{"line":52,"column":63}},"53":{"start":{"line":54,"column":0},"end":{"line":54,"column":28}},"54":{"start":{"line":55,"column":0},"end":{"line":55,"column":40}},"55":{"start":{"line":56,"column":0},"end":{"line":56,"column":16}},"56":{"start":{"line":57,"column":0},"end":{"line":57,"column":5}},"57":{"start":{"line":58,"column":0},"end":{"line":58,"column":54}},"59":{"start":{"line":60,"column":0},"end":{"line":60,"column":28}},"60":{"start":{"line":61,"column":0},"end":{"line":61,"column":19}},"61":{"start":{"line":62,"column":0},"end":{"line":62,"column":64}},"62":{"start":{"line":63,"column":0},"end":{"line":63,"column":59}},"63":{"start":{"line":64,"column":0},"end":{"line":64,"column":3}},"64":{"start":{"line":65,"column":0},"end":{"line":65,"column":2}}},"s":{"0":0,"8":0,"10":0,"11":0,"12":0,"13":0,"14":0,"16":0,"17":0,"18":0,"20":0,"21":0,"22":0,"23":0,"25":0,"28":0,"30":0,"31":0,"33":0,"34":0,"36":0,"37":0,"38":0,"39":0,"40":0,"42":0,"43":0,"44":0,"45":0,"46":0,"48":0,"49":0,"51":0,"53":0,"54":0,"55":0,"56":0,"57":0,"59":0,"60":0,"61":0,"62":0,"63":0,"64":0},"branchMap":{"0":{"type":"branch","line":1,"loc":{"start":{"line":1,"column":0},"end":{"line":65,"column":-352}},"locations":[{"start":{"line":1,"column":0},"end":{"line":65,"column":-352}}]}},"b":{"0":[0]},"fnMap":{"0":{"name":"(empty-report)","decl":{"start":{"line":1,"column":0},"end":{"line":65,"column":-352}},"loc":{"start":{"line":1,"column":0},"end":{"line":65,"column":-352}},"line":1}},"f":{"0":0}}
,"/Users/mattpowell/Dropbox/Javascript/11_Dan_Page/shared-calendar/shared-calendar/_trash/trash2/getcalUSeEffect.tsx": {"path":"/Users/mattpowell/Dropbox/Javascript/11_Dan_Page/shared-calendar/shared-calendar/_trash/trash2/getcalUSeEffect.tsx","all":true,"statementMap":{"0":{"start":{"line":1,"column":0},"end":{"line":1,"column":57}},"1":{"start":{"line":2,"column":0},"end":{"line":2,"column":34}},"3":{"start":{"line":4,"column":0},"end":{"line":4,"column":38}},"5":{"start":{"line":6,"column":0},"end":{"line":6,"column":21}},"6":{"start":{"line":7,"column":0},"end":{"line":7,"column":32}},"7":{"start":{"line":8,"column":0},"end":{"line":8,"column":48}},"8":{"start":{"line":9,"column":0},"end":{"line":9,"column":48}},"9":{"start":{"line":10,"column":0},"end":{"line":10,"column":44}},"10":{"start":{"line":11,"column":0},"end":{"line":11,"column":42}},"11":{"start":{"line":12,"column":0},"end":{"line":12,"column":11}},"12":{"start":{"line":13,"column":0},"end":{"line":13,"column":36}},"13":{"start":{"line":14,"column":0},"end":{"line":14,"column":8}},"14":{"start":{"line":15,"column":0},"end":{"line":15,"column":13}},"15":{"start":{"line":16,"column":0},"end":{"line":16,"column":11}},"16":{"start":{"line":17,"column":0},"end":{"line":17,"column":10}},"17":{"start":{"line":18,"column":0},"end":{"line":18,"column":30}},"19":{"start":{"line":20,"column":0},"end":{"line":20,"column":1}}},"s":{"0":0,"1":0,"3":0,"5":0,"6":0,"7":0,"8":0,"9":0,"10":0,"11":0,"12":0,"13":0,"14":0,"15":0,"16":0,"17":0,"19":0},"branchMap":{"0":{"type":"branch","line":1,"loc":{"start":{"line":1,"column":474},"end":{"line":20,"column":-244}},"locations":[{"start":{"line":1,"column":474},"end":{"line":20,"column":-244}}]}},"b":{"0":[0]},"fnMap":{"0":{"name":"(empty-report)","decl":{"start":{"line":1,"column":474},"end":{"line":20,"column":-244}},"loc":{"start":{"line":1,"column":474},"end":{"line":20,"column":-244}},"line":1}},"f":{"0":0}}
,"/Users/mattpowell/Dropbox/Javascript/11_Dan_Page/shared-calendar/shared-calendar/src/main.tsx": {"path":"/Users/mattpowell/Dropbox/Javascript/11_Dan_Page/shared-calendar/shared-calendar/src/main.tsx","all":true,"statementMap":{"0":{"start":{"line":1,"column":0},"end":{"line":1,"column":34}},"1":{"start":{"line":2,"column":0},"end":{"line":2,"column":39}},"2":{"start":{"line":3,"column":0},"end":{"line":3,"column":69}},"5":{"start":{"line":6,"column":0},"end":{"line":6,"column":43}},"7":{"start":{"line":8,"column":0},"end":{"line":8,"column":21}},"8":{"start":{"line":9,"column":0},"end":{"line":9,"column":50}},"11":{"start":{"line":12,"column":0},"end":{"line":12,"column":42}},"21":{"start":{"line":22,"column":0},"end":{"line":22,"column":51}},"22":{"start":{"line":23,"column":0},"end":{"line":23,"column":29}},"23":{"start":{"line":24,"column":0},"end":{"line":24,"column":47}},"24":{"start":{"line":25,"column":0},"end":{"line":25,"column":14}},"25":{"start":{"line":26,"column":0},"end":{"line":26,"column":16}},"26":{"start":{"line":27,"column":0},"end":{"line":27,"column":40}},"27":{"start":{"line":28,"column":0},"end":{"line":28,"column":18}},"28":{"start":{"line":29,"column":0},"end":{"line":29,"column":3}},"29":{"start":{"line":30,"column":0},"end":{"line":30,"column":1}},"34":{"start":{"line":35,"column":0},"end":{"line":35,"column":17}}},"s":{"0":0,"1":0,"2":0,"5":0,"7":0,"8":0,"11":0,"21":0,"22":0,"23":0,"24":0,"25":0,"26":0,"27":0,"28":0,"29":0,"34":0},"branchMap":{"0":{"type":"branch","line":1,"loc":{"start":{"line":1,"column":708},"end":{"line":35,"column":-324}},"locations":[{"start":{"line":1,"column":708},"end":{"line":35,"column":-324}}]}},"b":{"0":[0]},"fnMap":{"0":{"name":"(empty-report)","decl":{"start":{"line":1,"column":708},"end":{"line":35,"column":-324}},"loc":{"start":{"line":1,"column":708},"end":{"line":35,"column":-324}},"line":1}},"f":{"0":0}}
,"/Users/mattpowell/Dropbox/Javascript/11_Dan_Page/shared-calendar/shared-calendar/src/reportWebVitals.ts": {"path":"/Users/mattpowell/Dropbox/Javascript/11_Dan_Page/shared-calendar/shared-calendar/src/reportWebVitals.ts","all":true,"statementMap":{"0":{"start":{"line":1,"column":0},"end":{"line":1,"column":55}},"1":{"start":{"line":2,"column":0},"end":{"line":2,"column":55}},"2":{"start":{"line":3,"column":0},"end":{"line":3,"column":75}},"3":{"start":{"line":4,"column":0},"end":{"line":4,"column":24}},"4":{"start":{"line":5,"column":0},"end":{"line":5,"column":24}},"5":{"start":{"line":6,"column":0},"end":{"line":6,"column":24}},"6":{"start":{"line":7,"column":0},"end":{"line":7,"column":24}},"7":{"start":{"line":8,"column":0},"end":{"line":8,"column":25}},"8":{"start":{"line":9,"column":0},"end":{"line":9,"column":6}},"9":{"start":{"line":10,"column":0},"end":{"line":10,"column":3}},"10":{"start":{"line":11,"column":0},"end":{"line":11,"column":1}},"12":{"start":{"line":13,"column":0},"end":{"line":13,"column":30}}},"s":{"0":0,"1":0,"2":0,"3":0,"4":0,"5":0,"6":0,"7":0,"8":0,"9":0,"10":0,"12":0},"branchMap":{"0":{"type":"branch","line":1,"loc":{"start":{"line":1,"column":0},"end":{"line":13,"column":15}},"locations":[{"start":{"line":1,"column":0},"end":{"line":13,"column":15}}]}},"b":{"0":[0]},"fnMap":{"0":{"name":"(empty-report)","decl":{"start":{"line":1,"column":0},"end":{"line":13,"column":15}},"loc":{"start":{"line":1,"column":0},"end":{"line":13,"column":15}},"line":1}},"f":{"0":0}}
,"/Users/mattpowell/Dropbox/Javascript/11_Dan_Page/shared-calendar/shared-calendar/src/routeTree.gen.ts": {"path":"/Users/mattpowell/Dropbox/Javascript/11_Dan_Page/shared-calendar/shared-calendar/src/routeTree.gen.ts","all":true,"statementMap":{"12":{"start":{"line":13,"column":0},"end":{"line":13,"column":52}},"13":{"start":{"line":14,"column":0},"end":{"line":14,"column":62}},"14":{"start":{"line":15,"column":0},"end":{"line":15,"column":57}},"15":{"start":{"line":16,"column":0},"end":{"line":16,"column":81}},"16":{"start":{"line":17,"column":0},"end":{"line":17,"column":66}},"17":{"start":{"line":18,"column":0},"end":{"line":18,"column":53}},"18":{"start":{"line":19,"column":0},"end":{"line":19,"column":62}},"19":{"start":{"line":20,"column":0},"end":{"line":20,"column":69}},"20":{"start":{"line":21,"column":0},"end":{"line":21,"column":60}},"21":{"start":{"line":22,"column":0},"end":{"line":22,"column":66}},"22":{"start":{"line":23,"column":0},"end":{"line":23,"column":53}},"26":{"start":{"line":27,"column":0},"end":{"line":27,"column":47}},"27":{"start":{"line":28,"column":0},"end":{"line":28,"column":20}},"28":{"start":{"line":29,"column":0},"end":{"line":29,"column":22}},"29":{"start":{"line":30,"column":0},"end":{"line":30,"column":34}},"30":{"start":{"line":31,"column":0},"end":{"line":31,"column":9}},"32":{"start":{"line":33,"column":0},"end":{"line":33,"column":43}},"33":{"start":{"line":34,"column":0},"end":{"line":34,"column":17}},"34":{"start":{"line":35,"column":0},"end":{"line":35,"column":19}},"35":{"start":{"line":36,"column":0},"end":{"line":36,"column":34}},"36":{"start":{"line":37,"column":0},"end":{"line":37,"column":9}},"38":{"start":{"line":39,"column":0},"end":{"line":39,"column":65}},"39":{"start":{"line":40,"column":0},"end":{"line":40,"column":30}},"40":{"start":{"line":41,"column":0},"end":{"line":41,"column":32}},"41":{"start":{"line":42,"column":0},"end":{"line":42,"column":34}},"42":{"start":{"line":43,"column":0},"end":{"line":43,"column":9}},"44":{"start":{"line":45,"column":0},"end":{"line":45,"column":51}},"45":{"start":{"line":46,"column":0},"end":{"line":46,"column":22}},"46":{"start":{"line":47,"column":0},"end":{"line":47,"column":24}},"47":{"start":{"line":48,"column":0},"end":{"line":48,"column":34}},"48":{"start":{"line":49,"column":0},"end":{"line":49,"column":9}},"50":{"start":{"line":51,"column":0},"end":{"line":51,"column":39}},"51":{"start":{"line":52,"column":0},"end":{"line":52,"column":15}},"52":{"start":{"line":53,"column":0},"end":{"line":53,"column":17}},"53":{"start":{"line":54,"column":0},"end":{"line":54,"column":34}},"54":{"start":{"line":55,"column":0},"end":{"line":55,"column":9}},"56":{"start":{"line":57,"column":0},"end":{"line":57,"column":47}},"57":{"start":{"line":58,"column":0},"end":{"line":58,"column":20}},"58":{"start":{"line":59,"column":0},"end":{"line":59,"column":22}},"59":{"start":{"line":60,"column":0},"end":{"line":60,"column":34}},"60":{"start":{"line":61,"column":0},"end":{"line":61,"column":9}},"62":{"start":{"line":63,"column":0},"end":{"line":63,"column":55}},"63":{"start":{"line":64,"column":0},"end":{"line":64,"column":23}},"64":{"start":{"line":65,"column":0},"end":{"line":65,"column":25}},"65":{"start":{"line":66,"column":0},"end":{"line":66,"column":34}},"66":{"start":{"line":67,"column":0},"end":{"line":67,"column":9}},"68":{"start":{"line":69,"column":0},"end":{"line":69,"column":45}},"69":{"start":{"line":70,"column":0},"end":{"line":70,"column":19}},"70":{"start":{"line":71,"column":0},"end":{"line":71,"column":21}},"71":{"start":{"line":72,"column":0},"end":{"line":72,"column":34}},"72":{"start":{"line":73,"column":0},"end":{"line":73,"column":9}},"74":{"start":{"line":75,"column":0},"end":{"line":75,"column":51}},"75":{"start":{"line":76,"column":0},"end":{"line":76,"column":22}},"76":{"start":{"line":77,"column":0},"end":{"line":77,"column":24}},"77":{"start":{"line":78,"column":0},"end":{"line":78,"column":34}},"78":{"start":{"line":79,"column":0},"end":{"line":79,"column":9}},"80":{"start":{"line":81,"column":0},"end":{"line":81,"column":39}},"81":{"start":{"line":82,"column":0},"end":{"line":82,"column":10}},"82":{"start":{"line":83,"column":0},"end":{"line":83,"column":12}},"83":{"start":{"line":84,"column":0},"end":{"line":84,"column":34}},"84":{"start":{"line":85,"column":0},"end":{"line":85,"column":9}},"258":{"start":{"line":259,"column":0},"end":{"line":259,"column":46}},"259":{"start":{"line":260,"column":0},"end":{"line":260,"column":25}},"260":{"start":{"line":261,"column":0},"end":{"line":261,"column":37}},"261":{"start":{"line":262,"column":0},"end":{"line":262,"column":31}},"262":{"start":{"line":263,"column":0},"end":{"line":263,"column":41}},"263":{"start":{"line":264,"column":0},"end":{"line":264,"column":33}},"264":{"start":{"line":265,"column":0},"end":{"line":265,"column":25}},"265":{"start":{"line":266,"column":0},"end":{"line":266,"column":37}},"266":{"start":{"line":267,"column":0},"end":{"line":267,"column":51}},"267":{"start":{"line":268,"column":0},"end":{"line":268,"column":29}},"268":{"start":{"line":269,"column":0},"end":{"line":269,"column":33}},"269":{"start":{"line":270,"column":0},"end":{"line":270,"column":1}},"271":{"start":{"line":272,"column":0},"end":{"line":272,"column":34}},"272":{"start":{"line":273,"column":0},"end":{"line":273,"column":38}},"273":{"start":{"line":274,"column":0},"end":{"line":274,"column":34}}},"s":{"12":0,"13":0,"14":0,"15":0,"16":0,"17":0,"18":0,"19":0,"20":0,"21":0,"22":0,"26":0,"27":0,"28":0,"29":0,"30":0,"32":0,"33":0,"34":0,"35":0,"36":0,"38":0,"39":0,"40":0,"41":0,"42":0,"44":0,"45":0,"46":0,"47":0,"48":0,"50":0,"51":0,"52":0,"53":0,"54":0,"56":0,"57":0,"58":0,"59":0,"60":0,"62":0,"63":0,"64":0,"65":0,"66":0,"68":0,"69":0,"70":0,"71":0,"72":0,"74":0,"75":0,"76":0,"77":0,"78":0,"80":0,"81":0,"82":0,"83":0,"84":0,"258":0,"259":0,"260":0,"261":0,"262":0,"263":0,"264":0,"265":0,"266":0,"267":0,"268":0,"269":0,"271":0,"272":0,"273":0},"branchMap":{"0":{"type":"branch","line":1,"loc":{"start":{"line":1,"column":8593},"end":{"line":326,"column":21}},"locations":[{"start":{"line":1,"column":8593},"end":{"line":326,"column":21}}]}},"b":{"0":[1]},"fnMap":{"0":{"name":"(empty-report)","decl":{"start":{"line":1,"column":8593},"end":{"line":326,"column":21}},"loc":{"start":{"line":1,"column":8593},"end":{"line":326,"column":21}},"line":1}},"f":{"0":1}}
,"/Users/mattpowell/Dropbox/Javascript/11_Dan_Page/shared-calendar/shared-calendar/src/components/addCalendar/addCalendar.tsx": {"path":"/Users/mattpowell/Dropbox/Javascript/11_Dan_Page/shared-calendar/shared-calendar/src/components/addCalendar/addCalendar.tsx","all":true,"statementMap":{"0":{"start":{"line":1,"column":0},"end":{"line":1,"column":42}},"1":{"start":{"line":2,"column":0},"end":{"line":2,"column":54}},"2":{"start":{"line":3,"column":0},"end":{"line":3,"column":24}},"3":{"start":{"line":4,"column":0},"end":{"line":4,"column":48}},"4":{"start":{"line":5,"column":0},"end":{"line":5,"column":8}},"12":{"start":{"line":13,"column":0},"end":{"line":13,"column":36}},"13":{"start":{"line":14,"column":0},"end":{"line":14,"column":68}},"14":{"start":{"line":15,"column":0},"end":{"line":15,"column":36}},"15":{"start":{"line":16,"column":0},"end":{"line":16,"column":53}},"16":{"start":{"line":17,"column":0},"end":{"line":17,"column":8}},"23":{"start":{"line":24,"column":0},"end":{"line":24,"column":44}},"24":{"start":{"line":25,"column":0},"end":{"line":25,"column":52}},"25":{"start":{"line":26,"column":0},"end":{"line":26,"column":54}},"35":{"start":{"line":36,"column":0},"end":{"line":36,"column":29}},"36":{"start":{"line":37,"column":0},"end":{"line":37,"column":70}},"37":{"start":{"line":38,"column":0},"end":{"line":38,"column":37}},"38":{"start":{"line":39,"column":0},"end":{"line":39,"column":39}},"39":{"start":{"line":40,"column":0},"end":{"line":40,"column":3}},"41":{"start":{"line":42,"column":0},"end":{"line":42,"column":27}},"42":{"start":{"line":43,"column":0},"end":{"line":43,"column":33}},"43":{"start":{"line":44,"column":0},"end":{"line":44,"column":39}},"46":{"start":{"line":47,"column":0},"end":{"line":47,"column":32}},"47":{"start":{"line":48,"column":0},"end":{"line":48,"column":63}},"48":{"start":{"line":49,"column":0},"end":{"line":49,"column":51}},"50":{"start":{"line":51,"column":0},"end":{"line":51,"column":23}},"51":{"start":{"line":52,"column":0},"end":{"line":52,"column":77}},"52":{"start":{"line":53,"column":0},"end":{"line":53,"column":72}},"53":{"start":{"line":54,"column":0},"end":{"line":54,"column":18}},"54":{"start":{"line":55,"column":0},"end":{"line":55,"column":26}},"55":{"start":{"line":56,"column":0},"end":{"line":56,"column":11}},"56":{"start":{"line":57,"column":0},"end":{"line":57,"column":7}},"58":{"start":{"line":59,"column":0},"end":{"line":59,"column":24}},"59":{"start":{"line":60,"column":0},"end":{"line":60,"column":6}},"60":{"start":{"line":61,"column":0},"end":{"line":61,"column":5}},"62":{"start":{"line":63,"column":0},"end":{"line":63,"column":66}},"63":{"start":{"line":64,"column":0},"end":{"line":64,"column":28}},"64":{"start":{"line":65,"column":0},"end":{"line":65,"column":4}},"66":{"start":{"line":67,"column":0},"end":{"line":67,"column":52}},"67":{"start":{"line":68,"column":0},"end":{"line":68,"column":38}},"68":{"start":{"line":69,"column":0},"end":{"line":69,"column":20}},"69":{"start":{"line":70,"column":0},"end":{"line":70,"column":15}},"70":{"start":{"line":71,"column":0},"end":{"line":71,"column":22}},"71":{"start":{"line":72,"column":0},"end":{"line":72,"column":24}},"72":{"start":{"line":73,"column":0},"end":{"line":73,"column":6}},"73":{"start":{"line":74,"column":0},"end":{"line":74,"column":5}},"75":{"start":{"line":76,"column":0},"end":{"line":76,"column":10}},"76":{"start":{"line":77,"column":0},"end":{"line":77,"column":103}},"77":{"start":{"line":78,"column":0},"end":{"line":78,"column":57}},"78":{"start":{"line":79,"column":0},"end":{"line":79,"column":77}},"79":{"start":{"line":80,"column":0},"end":{"line":80,"column":67}},"80":{"start":{"line":81,"column":0},"end":{"line":81,"column":49}},"82":{"start":{"line":83,"column":0},"end":{"line":83,"column":26}},"83":{"start":{"line":84,"column":0},"end":{"line":84,"column":19}},"85":{"start":{"line":86,"column":0},"end":{"line":86,"column":35}},"86":{"start":{"line":87,"column":0},"end":{"line":87,"column":24}},"87":{"start":{"line":88,"column":0},"end":{"line":88,"column":15}},"88":{"start":{"line":89,"column":0},"end":{"line":89,"column":50}},"89":{"start":{"line":90,"column":0},"end":{"line":90,"column":61}},"91":{"start":{"line":92,"column":0},"end":{"line":92,"column":22}},"92":{"start":{"line":93,"column":0},"end":{"line":93,"column":36}},"93":{"start":{"line":94,"column":0},"end":{"line":94,"column":25}},"94":{"start":{"line":95,"column":0},"end":{"line":95,"column":38}},"95":{"start":{"line":96,"column":0},"end":{"line":96,"column":64}},"96":{"start":{"line":97,"column":0},"end":{"line":97,"column":54}},"97":{"start":{"line":98,"column":0},"end":{"line":98,"column":31}},"98":{"start":{"line":99,"column":0},"end":{"line":99,"column":68}},"99":{"start":{"line":100,"column":0},"end":{"line":100,"column":32}},"100":{"start":{"line":101,"column":0},"end":{"line":101,"column":33}},"101":{"start":{"line":102,"column":0},"end":{"line":102,"column":27}},"103":{"start":{"line":104,"column":0},"end":{"line":104,"column":14}},"105":{"start":{"line":106,"column":0},"end":{"line":106,"column":22}},"106":{"start":{"line":107,"column":0},"end":{"line":107,"column":36}},"107":{"start":{"line":108,"column":0},"end":{"line":108,"column":32}},"108":{"start":{"line":109,"column":0},"end":{"line":109,"column":38}},"109":{"start":{"line":110,"column":0},"end":{"line":110,"column":64}},"110":{"start":{"line":111,"column":0},"end":{"line":111,"column":61}},"111":{"start":{"line":112,"column":0},"end":{"line":112,"column":31}},"112":{"start":{"line":113,"column":0},"end":{"line":113,"column":75}},"113":{"start":{"line":114,"column":0},"end":{"line":114,"column":32}},"114":{"start":{"line":115,"column":0},"end":{"line":115,"column":33}},"115":{"start":{"line":116,"column":0},"end":{"line":116,"column":27}},"117":{"start":{"line":118,"column":0},"end":{"line":118,"column":14}},"119":{"start":{"line":120,"column":0},"end":{"line":120,"column":19}},"120":{"start":{"line":121,"column":0},"end":{"line":121,"column":27}},"121":{"start":{"line":122,"column":0},"end":{"line":122,"column":56}},"122":{"start":{"line":123,"column":0},"end":{"line":123,"column":23}},"124":{"start":{"line":125,"column":0},"end":{"line":125,"column":72}},"125":{"start":{"line":126,"column":0},"end":{"line":126,"column":21}},"126":{"start":{"line":127,"column":0},"end":{"line":127,"column":17}},"127":{"start":{"line":128,"column":0},"end":{"line":128,"column":15}},"128":{"start":{"line":129,"column":0},"end":{"line":129,"column":20}},"129":{"start":{"line":130,"column":0},"end":{"line":130,"column":11}},"131":{"start":{"line":132,"column":0},"end":{"line":132,"column":2}},"133":{"start":{"line":134,"column":0},"end":{"line":134,"column":27}}},"s":{"0":0,"1":0,"2":0,"3":0,"4":0,"12":0,"13":0,"14":0,"15":0,"16":0,"23":0,"24":0,"25":0,"35":0,"36":0,"37":0,"38":0,"39":0,"41":0,"42":0,"43":0,"46":0,"47":0,"48":0,"50":0,"51":0,"52":0,"53":0,"54":0,"55":0,"56":0,"58":0,"59":0,"60":0,"62":0,"63":0,"64":0,"66":0,"67":0,"68":0,"69":0,"70":0,"71":0,"72":0,"73":0,"75":0,"76":0,"77":0,"78":0,"79":0,"80":0,"82":0,"83":0,"85":0,"86":0,"87":0,"88":0,"89":0,"91":0,"92":0,"93":0,"94":0,"95":0,"96":0,"97":0,"98":0,"99":0,"100":0,"101":0,"103":0,"105":0,"106":0,"107":0,"108":0,"109":0,"110":0,"111":0,"112":0,"113":0,"114":0,"115":0,"117":0,"119":0,"120":0,"121":0,"122":0,"124":0,"125":0,"126":0,"127":0,"128":0,"129":0,"131":0,"133":0},"branchMap":{"0":{"type":"branch","line":1,"loc":{"start":{"line":1,"column":2133},"end":{"line":134,"column":-1711}},"locations":[{"start":{"line":1,"column":2133},"end":{"line":134,"column":-1711}}]}},"b":{"0":[0]},"fnMap":{"0":{"name":"(empty-report)","decl":{"start":{"line":1,"column":2133},"end":{"line":134,"column":-1711}},"loc":{"start":{"line":1,"column":2133},"end":{"line":134,"column":-1711}},"line":1}},"f":{"0":0}}
,"/Users/mattpowell/Dropbox/Javascript/11_Dan_Page/shared-calendar/shared-calendar/src/components/addEntry/addEntry.tsx": {"path":"/Users/mattpowell/Dropbox/Javascript/11_Dan_Page/shared-calendar/shared-calendar/src/components/addEntry/addEntry.tsx","all":true,"statementMap":{"0":{"start":{"line":1,"column":0},"end":{"line":1,"column":42}},"1":{"start":{"line":2,"column":0},"end":{"line":2,"column":54}},"2":{"start":{"line":3,"column":0},"end":{"line":3,"column":24}},"3":{"start":{"line":4,"column":0},"end":{"line":4,"column":48}},"4":{"start":{"line":5,"column":0},"end":{"line":5,"column":8}},"12":{"start":{"line":13,"column":0},"end":{"line":13,"column":36}},"13":{"start":{"line":14,"column":0},"end":{"line":14,"column":52}},"14":{"start":{"line":15,"column":0},"end":{"line":15,"column":36}},"15":{"start":{"line":16,"column":0},"end":{"line":16,"column":42}},"16":{"start":{"line":17,"column":0},"end":{"line":17,"column":8}},"21":{"start":{"line":22,"column":0},"end":{"line":22,"column":48}},"22":{"start":{"line":23,"column":0},"end":{"line":23,"column":34}},"23":{"start":{"line":24,"column":0},"end":{"line":24,"column":59}},"24":{"start":{"line":25,"column":0},"end":{"line":25,"column":26}},"27":{"start":{"line":28,"column":0},"end":{"line":28,"column":53}},"28":{"start":{"line":29,"column":0},"end":{"line":29,"column":8}},"35":{"start":{"line":36,"column":0},"end":{"line":36,"column":65}},"37":{"start":{"line":38,"column":0},"end":{"line":38,"column":54}},"38":{"start":{"line":39,"column":0},"end":{"line":39,"column":58}},"39":{"start":{"line":40,"column":0},"end":{"line":40,"column":33}},"40":{"start":{"line":41,"column":0},"end":{"line":41,"column":52}},"41":{"start":{"line":42,"column":0},"end":{"line":42,"column":46}},"42":{"start":{"line":43,"column":0},"end":{"line":43,"column":70}},"43":{"start":{"line":44,"column":0},"end":{"line":44,"column":8}},"51":{"start":{"line":52,"column":0},"end":{"line":52,"column":74}},"52":{"start":{"line":53,"column":0},"end":{"line":53,"column":42}},"53":{"start":{"line":54,"column":0},"end":{"line":54,"column":73}},"55":{"start":{"line":56,"column":0},"end":{"line":56,"column":40}},"56":{"start":{"line":57,"column":0},"end":{"line":57,"column":67}},"58":{"start":{"line":59,"column":0},"end":{"line":59,"column":35}},"59":{"start":{"line":60,"column":0},"end":{"line":60,"column":24}},"60":{"start":{"line":61,"column":0},"end":{"line":61,"column":36}},"61":{"start":{"line":62,"column":0},"end":{"line":62,"column":14}},"62":{"start":{"line":63,"column":0},"end":{"line":63,"column":12}},"63":{"start":{"line":64,"column":0},"end":{"line":64,"column":34}},"64":{"start":{"line":65,"column":0},"end":{"line":65,"column":44}},"65":{"start":{"line":66,"column":0},"end":{"line":66,"column":4}},"67":{"start":{"line":68,"column":0},"end":{"line":68,"column":15}},"68":{"start":{"line":69,"column":0},"end":{"line":69,"column":2}},"70":{"start":{"line":71,"column":0},"end":{"line":71,"column":29}},"71":{"start":{"line":72,"column":0},"end":{"line":72,"column":71}},"72":{"start":{"line":73,"column":0},"end":{"line":73,"column":63}},"73":{"start":{"line":74,"column":0},"end":{"line":74,"column":37}},"74":{"start":{"line":75,"column":0},"end":{"line":75,"column":44}},"75":{"start":{"line":76,"column":0},"end":{"line":76,"column":39}},"76":{"start":{"line":77,"column":0},"end":{"line":77,"column":5}},"77":{"start":{"line":78,"column":0},"end":{"line":78,"column":60}},"78":{"start":{"line":79,"column":0},"end":{"line":79,"column":60}},"79":{"start":{"line":80,"column":0},"end":{"line":80,"column":5}},"80":{"start":{"line":81,"column":0},"end":{"line":81,"column":42}},"81":{"start":{"line":82,"column":0},"end":{"line":82,"column":39}},"82":{"start":{"line":83,"column":0},"end":{"line":83,"column":5}},"83":{"start":{"line":84,"column":0},"end":{"line":84,"column":58}},"84":{"start":{"line":85,"column":0},"end":{"line":85,"column":58}},"85":{"start":{"line":86,"column":0},"end":{"line":86,"column":5}},"86":{"start":{"line":87,"column":0},"end":{"line":87,"column":9}},"87":{"start":{"line":88,"column":0},"end":{"line":88,"column":11}},"88":{"start":{"line":89,"column":0},"end":{"line":89,"column":15}},"89":{"start":{"line":90,"column":0},"end":{"line":90,"column":38}},"90":{"start":{"line":91,"column":0},"end":{"line":91,"column":34}},"91":{"start":{"line":92,"column":0},"end":{"line":92,"column":7}},"92":{"start":{"line":93,"column":0},"end":{"line":93,"column":59}},"93":{"start":{"line":94,"column":0},"end":{"line":94,"column":50}},"94":{"start":{"line":95,"column":0},"end":{"line":95,"column":27}},"95":{"start":{"line":96,"column":0},"end":{"line":96,"column":25}},"96":{"start":{"line":97,"column":0},"end":{"line":97,"column":46}},"97":{"start":{"line":98,"column":0},"end":{"line":98,"column":3}},"108":{"start":{"line":109,"column":0},"end":{"line":109,"column":52}},"109":{"start":{"line":110,"column":0},"end":{"line":110,"column":76}},"110":{"start":{"line":111,"column":0},"end":{"line":111,"column":66}},"111":{"start":{"line":112,"column":0},"end":{"line":112,"column":33}},"112":{"start":{"line":113,"column":0},"end":{"line":113,"column":60}},"115":{"start":{"line":116,"column":0},"end":{"line":116,"column":32}},"116":{"start":{"line":117,"column":0},"end":{"line":117,"column":63}},"117":{"start":{"line":118,"column":0},"end":{"line":118,"column":53}},"119":{"start":{"line":120,"column":0},"end":{"line":120,"column":45}},"120":{"start":{"line":121,"column":0},"end":{"line":121,"column":47}},"121":{"start":{"line":122,"column":0},"end":{"line":122,"column":25}},"122":{"start":{"line":123,"column":0},"end":{"line":123,"column":56}},"123":{"start":{"line":124,"column":0},"end":{"line":124,"column":11}},"124":{"start":{"line":125,"column":0},"end":{"line":125,"column":15}},"125":{"start":{"line":126,"column":0},"end":{"line":126,"column":7}},"127":{"start":{"line":128,"column":0},"end":{"line":128,"column":58}},"128":{"start":{"line":129,"column":0},"end":{"line":129,"column":43}},"129":{"start":{"line":130,"column":0},"end":{"line":130,"column":99}},"131":{"start":{"line":132,"column":0},"end":{"line":132,"column":26}},"132":{"start":{"line":133,"column":0},"end":{"line":133,"column":44}},"133":{"start":{"line":134,"column":0},"end":{"line":134,"column":34}},"134":{"start":{"line":135,"column":0},"end":{"line":135,"column":76}},"135":{"start":{"line":136,"column":0},"end":{"line":136,"column":85}},"136":{"start":{"line":137,"column":0},"end":{"line":137,"column":79}},"137":{"start":{"line":138,"column":0},"end":{"line":138,"column":11}},"138":{"start":{"line":139,"column":0},"end":{"line":139,"column":38}},"139":{"start":{"line":140,"column":0},"end":{"line":140,"column":29}},"140":{"start":{"line":141,"column":0},"end":{"line":141,"column":7}},"141":{"start":{"line":142,"column":0},"end":{"line":142,"column":6}},"142":{"start":{"line":143,"column":0},"end":{"line":143,"column":38}},"143":{"start":{"line":144,"column":0},"end":{"line":144,"column":16}},"144":{"start":{"line":145,"column":0},"end":{"line":145,"column":69}},"145":{"start":{"line":146,"column":0},"end":{"line":146,"column":9}},"146":{"start":{"line":147,"column":0},"end":{"line":147,"column":6}},"147":{"start":{"line":148,"column":0},"end":{"line":148,"column":5}},"149":{"start":{"line":150,"column":0},"end":{"line":150,"column":66}},"150":{"start":{"line":151,"column":0},"end":{"line":151,"column":28}},"151":{"start":{"line":152,"column":0},"end":{"line":152,"column":4}},"154":{"start":{"line":155,"column":0},"end":{"line":155,"column":52}},"155":{"start":{"line":156,"column":0},"end":{"line":156,"column":38}},"156":{"start":{"line":157,"column":0},"end":{"line":157,"column":20}},"157":{"start":{"line":158,"column":0},"end":{"line":158,"column":34}},"158":{"start":{"line":159,"column":0},"end":{"line":159,"column":16}},"159":{"start":{"line":160,"column":0},"end":{"line":160,"column":22}},"160":{"start":{"line":161,"column":0},"end":{"line":161,"column":23}},"161":{"start":{"line":162,"column":0},"end":{"line":162,"column":26}},"162":{"start":{"line":163,"column":0},"end":{"line":163,"column":22}},"163":{"start":{"line":164,"column":0},"end":{"line":164,"column":24}},"164":{"start":{"line":165,"column":0},"end":{"line":165,"column":22}},"165":{"start":{"line":166,"column":0},"end":{"line":166,"column":27}},"166":{"start":{"line":167,"column":0},"end":{"line":167,"column":25}},"167":{"start":{"line":168,"column":0},"end":{"line":168,"column":18}},"168":{"start":{"line":169,"column":0},"end":{"line":169,"column":26}},"169":{"start":{"line":170,"column":0},"end":{"line":170,"column":6}},"170":{"start":{"line":171,"column":0},"end":{"line":171,"column":5}},"171":{"start":{"line":172,"column":0},"end":{"line":172,"column":39}},"172":{"start":{"line":173,"column":0},"end":{"line":173,"column":113}},"173":{"start":{"line":174,"column":0},"end":{"line":174,"column":35}},"174":{"start":{"line":175,"column":0},"end":{"line":175,"column":4}},"175":{"start":{"line":176,"column":0},"end":{"line":176,"column":68}},"177":{"start":{"line":178,"column":0},"end":{"line":178,"column":37}},"178":{"start":{"line":179,"column":0},"end":{"line":179,"column":44}},"180":{"start":{"line":181,"column":0},"end":{"line":181,"column":16}},"181":{"start":{"line":182,"column":0},"end":{"line":182,"column":11}},"182":{"start":{"line":183,"column":0},"end":{"line":183,"column":53}},"184":{"start":{"line":185,"column":0},"end":{"line":185,"column":47}},"185":{"start":{"line":186,"column":0},"end":{"line":186,"column":72}},"186":{"start":{"line":187,"column":0},"end":{"line":187,"column":67}},"188":{"start":{"line":189,"column":0},"end":{"line":189,"column":68}},"189":{"start":{"line":190,"column":0},"end":{"line":190,"column":35}},"190":{"start":{"line":191,"column":0},"end":{"line":191,"column":36}},"191":{"start":{"line":192,"column":0},"end":{"line":192,"column":27}},"192":{"start":{"line":193,"column":0},"end":{"line":193,"column":42}},"193":{"start":{"line":194,"column":0},"end":{"line":194,"column":13}},"194":{"start":{"line":195,"column":0},"end":{"line":195,"column":17}},"195":{"start":{"line":196,"column":0},"end":{"line":196,"column":9}},"197":{"start":{"line":198,"column":0},"end":{"line":198,"column":27}},"198":{"start":{"line":199,"column":0},"end":{"line":199,"column":73}},"199":{"start":{"line":200,"column":0},"end":{"line":200,"column":39}},"200":{"start":{"line":201,"column":0},"end":{"line":201,"column":9}},"202":{"start":{"line":203,"column":0},"end":{"line":203,"column":66}},"203":{"start":{"line":204,"column":0},"end":{"line":204,"column":23}},"204":{"start":{"line":205,"column":0},"end":{"line":205,"column":56}},"205":{"start":{"line":206,"column":0},"end":{"line":206,"column":43}},"206":{"start":{"line":207,"column":0},"end":{"line":207,"column":36}},"207":{"start":{"line":208,"column":0},"end":{"line":208,"column":27}},"208":{"start":{"line":209,"column":0},"end":{"line":209,"column":35}},"209":{"start":{"line":210,"column":0},"end":{"line":210,"column":13}},"210":{"start":{"line":211,"column":0},"end":{"line":211,"column":9}},"211":{"start":{"line":212,"column":0},"end":{"line":212,"column":7}},"212":{"start":{"line":213,"column":0},"end":{"line":213,"column":5}},"213":{"start":{"line":214,"column":0},"end":{"line":214,"column":4}},"215":{"start":{"line":216,"column":0},"end":{"line":216,"column":53}},"216":{"start":{"line":217,"column":0},"end":{"line":217,"column":105}},"218":{"start":{"line":219,"column":0},"end":{"line":219,"column":51}},"220":{"start":{"line":221,"column":0},"end":{"line":221,"column":100}},"221":{"start":{"line":222,"column":0},"end":{"line":222,"column":4}},"223":{"start":{"line":224,"column":0},"end":{"line":224,"column":10}},"224":{"start":{"line":225,"column":0},"end":{"line":225,"column":109}},"225":{"start":{"line":226,"column":0},"end":{"line":226,"column":57}},"226":{"start":{"line":227,"column":0},"end":{"line":227,"column":81}},"227":{"start":{"line":228,"column":0},"end":{"line":228,"column":73}},"228":{"start":{"line":229,"column":0},"end":{"line":229,"column":49}},"230":{"start":{"line":231,"column":0},"end":{"line":231,"column":26}},"231":{"start":{"line":232,"column":0},"end":{"line":232,"column":19}},"232":{"start":{"line":233,"column":0},"end":{"line":233,"column":35}},"233":{"start":{"line":234,"column":0},"end":{"line":234,"column":24}},"234":{"start":{"line":235,"column":0},"end":{"line":235,"column":105}},"235":{"start":{"line":236,"column":0},"end":{"line":236,"column":22}},"236":{"start":{"line":237,"column":0},"end":{"line":237,"column":36}},"237":{"start":{"line":238,"column":0},"end":{"line":238,"column":26}},"238":{"start":{"line":239,"column":0},"end":{"line":239,"column":38}},"239":{"start":{"line":240,"column":0},"end":{"line":240,"column":64}},"240":{"start":{"line":241,"column":0},"end":{"line":241,"column":46}},"241":{"start":{"line":242,"column":0},"end":{"line":242,"column":31}},"242":{"start":{"line":243,"column":0},"end":{"line":243,"column":60}},"243":{"start":{"line":244,"column":0},"end":{"line":244,"column":32}},"244":{"start":{"line":245,"column":0},"end":{"line":245,"column":33}},"245":{"start":{"line":246,"column":0},"end":{"line":246,"column":27}},"247":{"start":{"line":248,"column":0},"end":{"line":248,"column":14}},"249":{"start":{"line":250,"column":0},"end":{"line":250,"column":22}},"250":{"start":{"line":251,"column":0},"end":{"line":251,"column":36}},"251":{"start":{"line":252,"column":0},"end":{"line":252,"column":32}},"252":{"start":{"line":253,"column":0},"end":{"line":253,"column":38}},"253":{"start":{"line":254,"column":0},"end":{"line":254,"column":64}},"254":{"start":{"line":255,"column":0},"end":{"line":255,"column":63}},"255":{"start":{"line":256,"column":0},"end":{"line":256,"column":31}},"256":{"start":{"line":257,"column":0},"end":{"line":257,"column":69}},"257":{"start":{"line":258,"column":0},"end":{"line":258,"column":32}},"258":{"start":{"line":259,"column":0},"end":{"line":259,"column":33}},"259":{"start":{"line":260,"column":0},"end":{"line":260,"column":27}},"261":{"start":{"line":262,"column":0},"end":{"line":262,"column":14}},"263":{"start":{"line":264,"column":0},"end":{"line":264,"column":22}},"264":{"start":{"line":265,"column":0},"end":{"line":265,"column":36}},"265":{"start":{"line":266,"column":0},"end":{"line":266,"column":25}},"266":{"start":{"line":267,"column":0},"end":{"line":267,"column":38}},"267":{"start":{"line":268,"column":0},"end":{"line":268,"column":59}},"268":{"start":{"line":269,"column":0},"end":{"line":269,"column":45}},"269":{"start":{"line":270,"column":0},"end":{"line":270,"column":86}},"270":{"start":{"line":271,"column":0},"end":{"line":271,"column":44}},"271":{"start":{"line":272,"column":0},"end":{"line":272,"column":35}},"272":{"start":{"line":273,"column":0},"end":{"line":273,"column":99}},"273":{"start":{"line":274,"column":0},"end":{"line":274,"column":93}},"274":{"start":{"line":275,"column":0},"end":{"line":275,"column":115}},"275":{"start":{"line":276,"column":0},"end":{"line":276,"column":33}},"276":{"start":{"line":277,"column":0},"end":{"line":277,"column":36}},"277":{"start":{"line":278,"column":0},"end":{"line":278,"column":37}},"278":{"start":{"line":279,"column":0},"end":{"line":279,"column":36}},"279":{"start":{"line":280,"column":0},"end":{"line":280,"column":31}},"280":{"start":{"line":281,"column":0},"end":{"line":281,"column":37}},"281":{"start":{"line":282,"column":0},"end":{"line":282,"column":46}},"282":{"start":{"line":283,"column":0},"end":{"line":283,"column":49}},"283":{"start":{"line":284,"column":0},"end":{"line":284,"column":74}},"284":{"start":{"line":285,"column":0},"end":{"line":285,"column":71}},"285":{"start":{"line":286,"column":0},"end":{"line":286,"column":36}},"286":{"start":{"line":287,"column":0},"end":{"line":287,"column":24}},"287":{"start":{"line":288,"column":0},"end":{"line":288,"column":37}},"288":{"start":{"line":289,"column":0},"end":{"line":289,"column":28}},"289":{"start":{"line":290,"column":0},"end":{"line":290,"column":129}},"290":{"start":{"line":291,"column":0},"end":{"line":291,"column":27}},"292":{"start":{"line":293,"column":0},"end":{"line":293,"column":14}},"294":{"start":{"line":295,"column":0},"end":{"line":295,"column":135}},"295":{"start":{"line":296,"column":0},"end":{"line":296,"column":62}},"296":{"start":{"line":297,"column":0},"end":{"line":297,"column":66}},"297":{"start":{"line":298,"column":0},"end":{"line":298,"column":47}},"298":{"start":{"line":299,"column":0},"end":{"line":299,"column":28}},"299":{"start":{"line":300,"column":0},"end":{"line":300,"column":42}},"300":{"start":{"line":301,"column":0},"end":{"line":301,"column":40}},"301":{"start":{"line":302,"column":0},"end":{"line":302,"column":44}},"302":{"start":{"line":303,"column":0},"end":{"line":303,"column":81}},"303":{"start":{"line":304,"column":0},"end":{"line":304,"column":77}},"304":{"start":{"line":305,"column":0},"end":{"line":305,"column":37}},"305":{"start":{"line":306,"column":0},"end":{"line":306,"column":32}},"306":{"start":{"line":307,"column":0},"end":{"line":307,"column":52}},"307":{"start":{"line":308,"column":0},"end":{"line":308,"column":51}},"308":{"start":{"line":309,"column":0},"end":{"line":309,"column":41}},"309":{"start":{"line":310,"column":0},"end":{"line":310,"column":35}},"310":{"start":{"line":311,"column":0},"end":{"line":311,"column":36}},"311":{"start":{"line":312,"column":0},"end":{"line":312,"column":38}},"312":{"start":{"line":313,"column":0},"end":{"line":313,"column":84}},"313":{"start":{"line":314,"column":0},"end":{"line":314,"column":36}},"314":{"start":{"line":315,"column":0},"end":{"line":315,"column":55}},"315":{"start":{"line":316,"column":0},"end":{"line":316,"column":57}},"316":{"start":{"line":317,"column":0},"end":{"line":317,"column":30}},"317":{"start":{"line":318,"column":0},"end":{"line":318,"column":84}},"318":{"start":{"line":319,"column":0},"end":{"line":319,"column":28}},"319":{"start":{"line":320,"column":0},"end":{"line":320,"column":38}},"320":{"start":{"line":321,"column":0},"end":{"line":321,"column":59}},"321":{"start":{"line":322,"column":0},"end":{"line":322,"column":33}},"323":{"start":{"line":324,"column":0},"end":{"line":324,"column":20}},"325":{"start":{"line":326,"column":0},"end":{"line":326,"column":77}},"327":{"start":{"line":328,"column":0},"end":{"line":328,"column":28}},"328":{"start":{"line":329,"column":0},"end":{"line":329,"column":42}},"329":{"start":{"line":330,"column":0},"end":{"line":330,"column":40}},"330":{"start":{"line":331,"column":0},"end":{"line":331,"column":44}},"331":{"start":{"line":332,"column":0},"end":{"line":332,"column":72}},"332":{"start":{"line":333,"column":0},"end":{"line":333,"column":88}},"333":{"start":{"line":334,"column":0},"end":{"line":334,"column":37}},"334":{"start":{"line":335,"column":0},"end":{"line":335,"column":32}},"335":{"start":{"line":336,"column":0},"end":{"line":336,"column":58}},"336":{"start":{"line":337,"column":0},"end":{"line":337,"column":51}},"337":{"start":{"line":338,"column":0},"end":{"line":338,"column":39}},"338":{"start":{"line":339,"column":0},"end":{"line":339,"column":38}},"339":{"start":{"line":340,"column":0},"end":{"line":340,"column":76}},"340":{"start":{"line":341,"column":0},"end":{"line":341,"column":36}},"341":{"start":{"line":342,"column":0},"end":{"line":342,"column":55}},"342":{"start":{"line":343,"column":0},"end":{"line":343,"column":57}},"343":{"start":{"line":344,"column":0},"end":{"line":344,"column":30}},"344":{"start":{"line":345,"column":0},"end":{"line":345,"column":84}},"345":{"start":{"line":346,"column":0},"end":{"line":346,"column":28}},"346":{"start":{"line":347,"column":0},"end":{"line":347,"column":38}},"347":{"start":{"line":348,"column":0},"end":{"line":348,"column":59}},"348":{"start":{"line":349,"column":0},"end":{"line":349,"column":33}},"350":{"start":{"line":351,"column":0},"end":{"line":351,"column":20}},"351":{"start":{"line":352,"column":0},"end":{"line":352,"column":22}},"352":{"start":{"line":353,"column":0},"end":{"line":353,"column":20}},"354":{"start":{"line":355,"column":0},"end":{"line":355,"column":62}},"355":{"start":{"line":356,"column":0},"end":{"line":356,"column":64}},"356":{"start":{"line":357,"column":0},"end":{"line":357,"column":47}},"357":{"start":{"line":358,"column":0},"end":{"line":358,"column":28}},"358":{"start":{"line":359,"column":0},"end":{"line":359,"column":42}},"359":{"start":{"line":360,"column":0},"end":{"line":360,"column":38}},"360":{"start":{"line":361,"column":0},"end":{"line":361,"column":44}},"361":{"start":{"line":362,"column":0},"end":{"line":362,"column":81}},"362":{"start":{"line":363,"column":0},"end":{"line":363,"column":77}},"363":{"start":{"line":364,"column":0},"end":{"line":364,"column":37}},"364":{"start":{"line":365,"column":0},"end":{"line":365,"column":32}},"365":{"start":{"line":366,"column":0},"end":{"line":366,"column":50}},"366":{"start":{"line":367,"column":0},"end":{"line":367,"column":51}},"367":{"start":{"line":368,"column":0},"end":{"line":368,"column":41}},"368":{"start":{"line":369,"column":0},"end":{"line":369,"column":35}},"369":{"start":{"line":370,"column":0},"end":{"line":370,"column":36}},"370":{"start":{"line":371,"column":0},"end":{"line":371,"column":38}},"371":{"start":{"line":372,"column":0},"end":{"line":372,"column":84}},"372":{"start":{"line":373,"column":0},"end":{"line":373,"column":84}},"373":{"start":{"line":374,"column":0},"end":{"line":374,"column":36}},"374":{"start":{"line":375,"column":0},"end":{"line":375,"column":55}},"375":{"start":{"line":376,"column":0},"end":{"line":376,"column":57}},"376":{"start":{"line":377,"column":0},"end":{"line":377,"column":30}},"377":{"start":{"line":378,"column":0},"end":{"line":378,"column":28}},"378":{"start":{"line":379,"column":0},"end":{"line":379,"column":38}},"379":{"start":{"line":380,"column":0},"end":{"line":380,"column":59}},"380":{"start":{"line":381,"column":0},"end":{"line":381,"column":33}},"382":{"start":{"line":383,"column":0},"end":{"line":383,"column":20}},"383":{"start":{"line":384,"column":0},"end":{"line":384,"column":77}},"385":{"start":{"line":386,"column":0},"end":{"line":386,"column":28}},"386":{"start":{"line":387,"column":0},"end":{"line":387,"column":42}},"387":{"start":{"line":388,"column":0},"end":{"line":388,"column":38}},"388":{"start":{"line":389,"column":0},"end":{"line":389,"column":44}},"389":{"start":{"line":390,"column":0},"end":{"line":390,"column":72}},"390":{"start":{"line":391,"column":0},"end":{"line":391,"column":86}},"391":{"start":{"line":392,"column":0},"end":{"line":392,"column":37}},"392":{"start":{"line":393,"column":0},"end":{"line":393,"column":32}},"393":{"start":{"line":394,"column":0},"end":{"line":394,"column":58}},"394":{"start":{"line":395,"column":0},"end":{"line":395,"column":51}},"395":{"start":{"line":396,"column":0},"end":{"line":396,"column":39}},"396":{"start":{"line":397,"column":0},"end":{"line":397,"column":38}},"397":{"start":{"line":398,"column":0},"end":{"line":398,"column":76}},"398":{"start":{"line":399,"column":0},"end":{"line":399,"column":84}},"399":{"start":{"line":400,"column":0},"end":{"line":400,"column":36}},"400":{"start":{"line":401,"column":0},"end":{"line":401,"column":55}},"401":{"start":{"line":402,"column":0},"end":{"line":402,"column":57}},"402":{"start":{"line":403,"column":0},"end":{"line":403,"column":30}},"403":{"start":{"line":404,"column":0},"end":{"line":404,"column":28}},"404":{"start":{"line":405,"column":0},"end":{"line":405,"column":38}},"405":{"start":{"line":406,"column":0},"end":{"line":406,"column":59}},"406":{"start":{"line":407,"column":0},"end":{"line":407,"column":33}},"408":{"start":{"line":409,"column":0},"end":{"line":409,"column":20}},"409":{"start":{"line":410,"column":0},"end":{"line":410,"column":22}},"410":{"start":{"line":411,"column":0},"end":{"line":411,"column":20}},"413":{"start":{"line":414,"column":0},"end":{"line":414,"column":32}},"414":{"start":{"line":415,"column":0},"end":{"line":415,"column":157}},"416":{"start":{"line":417,"column":0},"end":{"line":417,"column":20}},"420":{"start":{"line":421,"column":0},"end":{"line":421,"column":40}},"421":{"start":{"line":422,"column":0},"end":{"line":422,"column":143}},"423":{"start":{"line":424,"column":0},"end":{"line":424,"column":20}},"425":{"start":{"line":426,"column":0},"end":{"line":426,"column":18}},"427":{"start":{"line":428,"column":0},"end":{"line":428,"column":184}},"428":{"start":{"line":429,"column":0},"end":{"line":429,"column":88}},"430":{"start":{"line":431,"column":0},"end":{"line":431,"column":121}},"431":{"start":{"line":432,"column":0},"end":{"line":432,"column":26}},"432":{"start":{"line":433,"column":0},"end":{"line":433,"column":40}},"433":{"start":{"line":434,"column":0},"end":{"line":434,"column":32}},"434":{"start":{"line":435,"column":0},"end":{"line":435,"column":42}},"435":{"start":{"line":436,"column":0},"end":{"line":436,"column":68}},"436":{"start":{"line":437,"column":0},"end":{"line":437,"column":74}},"437":{"start":{"line":438,"column":0},"end":{"line":438,"column":35}},"438":{"start":{"line":439,"column":0},"end":{"line":439,"column":30}},"439":{"start":{"line":440,"column":0},"end":{"line":440,"column":67}},"440":{"start":{"line":441,"column":0},"end":{"line":441,"column":36}},"441":{"start":{"line":442,"column":0},"end":{"line":442,"column":69}},"442":{"start":{"line":443,"column":0},"end":{"line":443,"column":26}},"443":{"start":{"line":444,"column":0},"end":{"line":444,"column":36}},"444":{"start":{"line":445,"column":0},"end":{"line":445,"column":37}},"445":{"start":{"line":446,"column":0},"end":{"line":446,"column":31}},"447":{"start":{"line":448,"column":0},"end":{"line":448,"column":18}},"449":{"start":{"line":450,"column":0},"end":{"line":450,"column":23}},"450":{"start":{"line":451,"column":0},"end":{"line":451,"column":118}},"451":{"start":{"line":452,"column":0},"end":{"line":452,"column":27}},"452":{"start":{"line":453,"column":0},"end":{"line":453,"column":41}},"453":{"start":{"line":454,"column":0},"end":{"line":454,"column":31}},"454":{"start":{"line":455,"column":0},"end":{"line":455,"column":17}},"456":{"start":{"line":457,"column":0},"end":{"line":457,"column":25}},"457":{"start":{"line":458,"column":0},"end":{"line":458,"column":20}},"459":{"start":{"line":460,"column":0},"end":{"line":460,"column":45}},"460":{"start":{"line":461,"column":0},"end":{"line":461,"column":68}},"461":{"start":{"line":462,"column":0},"end":{"line":462,"column":83}},"462":{"start":{"line":463,"column":0},"end":{"line":463,"column":51}},"463":{"start":{"line":464,"column":0},"end":{"line":464,"column":25}},"464":{"start":{"line":465,"column":0},"end":{"line":465,"column":40}},"465":{"start":{"line":466,"column":0},"end":{"line":466,"column":157}},"467":{"start":{"line":468,"column":0},"end":{"line":468,"column":34}},"468":{"start":{"line":469,"column":0},"end":{"line":469,"column":102}},"469":{"start":{"line":470,"column":0},"end":{"line":470,"column":115}},"470":{"start":{"line":471,"column":0},"end":{"line":471,"column":37}},"471":{"start":{"line":472,"column":0},"end":{"line":472,"column":33}},"472":{"start":{"line":473,"column":0},"end":{"line":473,"column":27}},"473":{"start":{"line":474,"column":0},"end":{"line":474,"column":23}},"474":{"start":{"line":475,"column":0},"end":{"line":475,"column":23}},"475":{"start":{"line":476,"column":0},"end":{"line":476,"column":22}},"477":{"start":{"line":478,"column":0},"end":{"line":478,"column":18}},"479":{"start":{"line":480,"column":0},"end":{"line":480,"column":86}},"481":{"start":{"line":482,"column":0},"end":{"line":482,"column":82}},"482":{"start":{"line":483,"column":0},"end":{"line":483,"column":72}},"483":{"start":{"line":484,"column":0},"end":{"line":484,"column":21}},"484":{"start":{"line":485,"column":0},"end":{"line":485,"column":17}},"485":{"start":{"line":486,"column":0},"end":{"line":486,"column":15}},"486":{"start":{"line":487,"column":0},"end":{"line":487,"column":20}},"487":{"start":{"line":488,"column":0},"end":{"line":488,"column":11}},"489":{"start":{"line":490,"column":0},"end":{"line":490,"column":2}},"491":{"start":{"line":492,"column":0},"end":{"line":492,"column":24}}},"s":{"0":0,"1":0,"2":0,"3":0,"4":0,"12":0,"13":0,"14":0,"15":0,"16":0,"21":0,"22":0,"23":0,"24":0,"27":0,"28":0,"35":0,"37":0,"38":0,"39":0,"40":0,"41":0,"42":0,"43":0,"51":0,"52":0,"53":0,"55":0,"56":0,"58":0,"59":0,"60":0,"61":0,"62":0,"63":0,"64":0,"65":0,"67":0,"68":0,"70":0,"71":0,"72":0,"73":0,"74":0,"75":0,"76":0,"77":0,"78":0,"79":0,"80":0,"81":0,"82":0,"83":0,"84":0,"85":0,"86":0,"87":0,"88":0,"89":0,"90":0,"91":0,"92":0,"93":0,"94":0,"95":0,"96":0,"97":0,"108":0,"109":0,"110":0,"111":0,"112":0,"115":0,"116":0,"117":0,"119":0,"120":0,"121":0,"122":0,"123":0,"124":0,"125":0,"127":0,"128":0,"129":0,"131":0,"132":0,"133":0,"134":0,"135":0,"136":0,"137":0,"138":0,"139":0,"140":0,"141":0,"142":0,"143":0,"144":0,"145":0,"146":0,"147":0,"149":0,"150":0,"151":0,"154":0,"155":0,"156":0,"157":0,"158":0,"159":0,"160":0,"161":0,"162":0,"163":0,"164":0,"165":0,"166":0,"167":0,"168":0,"169":0,"170":0,"171":0,"172":0,"173":0,"174":0,"175":0,"177":0,"178":0,"180":0,"181":0,"182":0,"184":0,"185":0,"186":0,"188":0,"189":0,"190":0,"191":0,"192":0,"193":0,"194":0,"195":0,"197":0,"198":0,"199":0,"200":0,"202":0,"203":0,"204":0,"205":0,"206":0,"207":0,"208":0,"209":0,"210":0,"211":0,"212":0,"213":0,"215":0,"216":0,"218":0,"220":0,"221":0,"223":0,"224":0,"225":0,"226":0,"227":0,"228":0,"230":0,"231":0,"232":0,"233":0,"234":0,"235":0,"236":0,"237":0,"238":0,"239":0,"240":0,"241":0,"242":0,"243":0,"244":0,"245":0,"247":0,"
[...]
,"/Users/mattpowell/Dropbox/Javascript/11_Dan_Page/shared-calendar/shared-calendar/src/routes/error.tsx": {"path":"/Users/mattpowell/Dropbox/Javascript/11_Dan_Page/shared-calendar/shared-calendar/src/routes/error.tsx","all":true,"statementMap":{"2":{"start":{"line":3,"column":0},"end":{"line":3,"column":72}},"3":{"start":{"line":4,"column":0},"end":{"line":4,"column":24}},"5":{"start":{"line":6,"column":0},"end":{"line":6,"column":36}},"6":{"start":{"line":7,"column":0},"end":{"line":7,"column":55}},"7":{"start":{"line":8,"column":0},"end":{"line":8,"column":33}},"8":{"start":{"line":9,"column":0},"end":{"line":9,"column":30}},"9":{"start":{"line":10,"column":0},"end":{"line":10,"column":3}},"11":{"start":{"line":12,"column":0},"end":{"line":12,"column":48}},"12":{"start":{"line":13,"column":0},"end":{"line":13,"column":23}},"14":{"start":{"line":15,"column":0},"end":{"line":15,"column":36}},"16":{"start":{"line":17,"column":0},"end":{"line":17,"column":32}},"17":{"start":{"line":18,"column":0},"end":{"line":18,"column":26}},"18":{"start":{"line":19,"column":0},"end":{"line":19,"column":28}},"19":{"start":{"line":20,"column":0},"end":{"line":20,"column":50}},"20":{"start":{"line":21,"column":0},"end":{"line":21,"column":5}},"22":{"start":{"line":23,"column":0},"end":{"line":23,"column":58}},"23":{"start":{"line":24,"column":0},"end":{"line":24,"column":37}},"24":{"start":{"line":25,"column":0},"end":{"line":25,"column":4}},"25":{"start":{"line":26,"column":0},"end":{"line":26,"column":3}}},"s":{"2":0,"3":0,"5":0,"6":0,"7":0,"8":0,"9":0,"11":0,"12":0,"14":0,"16":0,"17":0,"18":0,"19":0,"20":0,"22":0,"23":0,"24":0,"25":0},"branchMap":{"0":{"type":"branch","line":1,"loc":{"start":{"line":1,"column":95},"end":{"line":36,"column":-489}},"locations":[{"start":{"line":1,"column":95},"end":{"line":36,"column":-489}}]}},"b":{"0":[1]},"fnMap":{"0":{"name":"(empty-report)","decl":{"start":{"line":1,"column":95},"end":{"line":36,"column":-489}},"loc":{"start":{"line":1,"column":95},"end":{"line":36,"column":-489}},"line":1}},"f":{"0":1}}
,"/Users/mattpowell/Dropbox/Javascript/11_Dan_Page/shared-calendar/shared-calendar/src/routes/get-calendar.tsx": {"path":"/Users/mattpowell/Dropbox/Javascript/11_Dan_Page/shared-calendar/shared-calendar/src/routes/get-calendar.tsx","all":true,"statementMap":{"0":{"start":{"line":1,"column":0},"end":{"line":1,"column":69}},"1":{"start":{"line":2,"column":0},"end":{"line":2,"column":72}},"2":{"start":{"line":3,"column":0},"end":{"line":3,"column":24}},"3":{"start":{"line":4,"column":0},"end":{"line":4,"column":47}},"5":{"start":{"line":6,"column":0},"end":{"line":6,"column":62}},"10":{"start":{"line":11,"column":0},"end":{"line":11,"column":39}},"11":{"start":{"line":12,"column":0},"end":{"line":12,"column":26}},"12":{"start":{"line":13,"column":0},"end":{"line":13,"column":24}},"13":{"start":{"line":14,"column":0},"end":{"line":14,"column":25}},"14":{"start":{"line":15,"column":0},"end":{"line":15,"column":24}},"15":{"start":{"line":16,"column":0},"end":{"line":16,"column":22}},"16":{"start":{"line":17,"column":0},"end":{"line":17,"column":34}},"17":{"start":{"line":18,"column":0},"end":{"line":18,"column":3}},"20":{"start":{"line":21,"column":0},"end":{"line":21,"column":55}},"21":{"start":{"line":22,"column":0},"end":{"line":22,"column":29}},"22":{"start":{"line":23,"column":0},"end":{"line":23,"column":71}},"24":{"start":{"line":25,"column":0},"end":{"line":25,"column":39}},"26":{"start":{"line":27,"column":0},"end":{"line":27,"column":32}},"27":{"start":{"line":28,"column":0},"end":{"line":28,"column":36}},"28":{"start":{"line":29,"column":0},"end":{"line":29,"column":32}},"29":{"start":{"line":30,"column":0},"end":{"line":30,"column":34}},"30":{"start":{"line":31,"column":0},"end":{"line":31,"column":32}},"31":{"start":{"line":32,"column":0},"end":{"line":32,"column":28}},"32":{"start":{"line":33,"column":0},"end":{"line":33,"column":52}},"33":{"start":{"line":34,"column":0},"end":{"line":34,"column":5}},"35":{"start":{"line":36,"column":0},"end":{"line":36,"column":91}},"36":{"start":{"line":37,"column":0},"end":{"line":37,"column":77}},"37":{"start":{"line":38,"column":0},"end":{"line":38,"column":69}},"38":{"start":{"line":39,"column":0},"end":{"line":39,"column":51}},"40":{"start":{"line":41,"column":0},"end":{"line":41,"column":54}},"41":{"start":{"line":42,"column":0},"end":{"line":42,"column":35}},"42":{"start":{"line":43,"column":0},"end":{"line":43,"column":23}},"43":{"start":{"line":44,"column":0},"end":{"line":44,"column":19}},"44":{"start":{"line":45,"column":0},"end":{"line":45,"column":7}},"46":{"start":{"line":47,"column":0},"end":{"line":47,"column":47}},"47":{"start":{"line":48,"column":0},"end":{"line":48,"column":31}},"48":{"start":{"line":49,"column":0},"end":{"line":49,"column":36}},"49":{"start":{"line":50,"column":0},"end":{"line":50,"column":32}},"50":{"start":{"line":51,"column":0},"end":{"line":51,"column":16}},"51":{"start":{"line":52,"column":0},"end":{"line":52,"column":14}},"52":{"start":{"line":53,"column":0},"end":{"line":53,"column":7}},"54":{"start":{"line":55,"column":0},"end":{"line":55,"column":24}},"55":{"start":{"line":56,"column":0},"end":{"line":56,"column":4}},"57":{"start":{"line":58,"column":0},"end":{"line":58,"column":34}},"60":{"start":{"line":61,"column":0},"end":{"line":61,"column":3}}},"s":{"0":0,"1":0,"2":0,"3":0,"5":0,"10":0,"11":0,"12":0,"13":0,"14":0,"15":0,"16":0,"17":0,"20":0,"21":0,"22":0,"24":0,"26":0,"27":0,"28":0,"29":0,"30":0,"31":0,"32":0,"33":0,"35":0,"36":0,"37":0,"38":0,"40":0,"41":0,"42":0,"43":0,"44":0,"46":0,"47":0,"48":0,"49":0,"50":0,"51":0,"52":0,"54":0,"55":0,"57":0,"60":0},"branchMap":{"0":{"type":"branch","line":1,"loc":{"start":{"line":1,"column":0},"end":{"line":76,"column":-895}},"locations":[{"start":{"line":1,"column":0},"end":{"line":76,"column":-895}}]}},"b":{"0":[0]},"fnMap":{"0":{"name":"(empty-report)","decl":{"start":{"line":1,"column":0},"end":{"line":76,"column":-895}},"loc":{"start":{"line":1,"column":0},"end":{"line":76,"column":-895}},"line":1}},"f":{"0":0}}
,"/Users/mattpowell/Dropbox/Javascript/11_Dan_Page/shared-calendar/shared-calendar/src/routes/index.tsx": {"path":"/Users/mattpowell/Dropbox/Javascript/11_Dan_Page/shared-calendar/shared-calendar/src/routes/index.tsx","all":true,"statementMap":{"0":{"start":{"line":1,"column":0},"end":{"line":1,"column":70}},"6":{"start":{"line":7,"column":0},"end":{"line":7,"column":43}},"7":{"start":{"line":8,"column":0},"end":{"line":8,"column":17}},"8":{"start":{"line":9,"column":0},"end":{"line":9,"column":3}}},"s":{"0":0,"6":0,"7":0,"8":0},"branchMap":{"0":{"type":"branch","line":1,"loc":{"start":{"line":1,"column":0},"end":{"line":29,"column":-367}},"locations":[{"start":{"line":1,"column":0},"end":{"line":29,"column":-367}}]}},"b":{"0":[0]},"fnMap":{"0":{"name":"(empty-report)","decl":{"start":{"line":1,"column":0},"end":{"line":29,"column":-367}},"loc":{"start":{"line":1,"column":0},"end":{"line":29,"column":-367}},"line":1}},"f":{"0":0}}
,"/Users/mattpowell/Dropbox/Javascript/11_Dan_Page/shared-calendar/shared-calendar/src/routes/review-pending-entry.tsx": {"path":"/Users/mattpowell/Dropbox/Javascript/11_Dan_Page/shared-calendar/shared-calendar/src/routes/review-pending-entry.tsx","all":true,"statementMap":{"0":{"start":{"line":1,"column":0},"end":{"line":1,"column":69}},"1":{"start":{"line":2,"column":0},"end":{"line":2,"column":8}},"6":{"start":{"line":7,"column":0},"end":{"line":7,"column":24}},"7":{"start":{"line":8,"column":0},"end":{"line":8,"column":35}},"11":{"start":{"line":12,"column":0},"end":{"line":12,"column":67}},"12":{"start":{"line":13,"column":0},"end":{"line":13,"column":56}},"14":{"start":{"line":15,"column":0},"end":{"line":15,"column":62}},"16":{"start":{"line":17,"column":0},"end":{"line":17,"column":39}},"17":{"start":{"line":18,"column":0},"end":{"line":18,"column":22}},"18":{"start":{"line":19,"column":0},"end":{"line":19,"column":24}},"19":{"start":{"line":20,"column":0},"end":{"line":20,"column":3}},"22":{"start":{"line":23,"column":0},"end":{"line":23,"column":63}},"23":{"start":{"line":24,"column":0},"end":{"line":24,"column":36}},"24":{"start":{"line":25,"column":0},"end":{"line":25,"column":71}},"26":{"start":{"line":27,"column":0},"end":{"line":27,"column":39}},"28":{"start":{"line":29,"column":0},"end":{"line":29,"column":32}},"29":{"start":{"line":30,"column":0},"end":{"line":30,"column":28}},"30":{"start":{"line":31,"column":0},"end":{"line":31,"column":32}},"31":{"start":{"line":32,"column":0},"end":{"line":32,"column":5}},"33":{"start":{"line":34,"column":0},"end":{"line":34,"column":44}},"34":{"start":{"line":35,"column":0},"end":{"line":35,"column":61}},"35":{"start":{"line":36,"column":0},"end":{"line":36,"column":49}},"37":{"start":{"line":38,"column":0},"end":{"line":38,"column":65}},"38":{"start":{"line":39,"column":0},"end":{"line":39,"column":45}},"40":{"start":{"line":41,"column":0},"end":{"line":41,"column":54}},"41":{"start":{"line":42,"column":0},"end":{"line":42,"column":52}},"42":{"start":{"line":43,"column":0},"end":{"line":43,"column":37}},"43":{"start":{"line":44,"column":0},"end":{"line":44,"column":48}},"44":{"start":{"line":45,"column":0},"end":{"line":45,"column":7}},"45":{"start":{"line":46,"column":0},"end":{"line":46,"column":61}},"47":{"start":{"line":48,"column":0},"end":{"line":48,"column":69}},"48":{"start":{"line":49,"column":0},"end":{"line":49,"column":65}},"50":{"start":{"line":51,"column":0},"end":{"line":51,"column":47}},"51":{"start":{"line":52,"column":0},"end":{"line":52,"column":22}},"52":{"start":{"line":53,"column":0},"end":{"line":53,"column":34}},"53":{"start":{"line":54,"column":0},"end":{"line":54,"column":49}},"54":{"start":{"line":55,"column":0},"end":{"line":55,"column":77}},"55":{"start":{"line":56,"column":0},"end":{"line":56,"column":73}},"56":{"start":{"line":57,"column":0},"end":{"line":57,"column":7}},"58":{"start":{"line":59,"column":0},"end":{"line":59,"column":24}},"59":{"start":{"line":60,"column":0},"end":{"line":60,"column":4}},"61":{"start":{"line":62,"column":0},"end":{"line":62,"column":34}},"64":{"start":{"line":65,"column":0},"end":{"line":65,"column":3}}},"s":{"0":0,"1":0,"6":0,"7":0,"11":0,"12":0,"14":0,"16":0,"17":0,"18":0,"19":0,"22":0,"23":0,"24":0,"26":0,"28":0,"29":0,"30":0,"31":0,"33":0,"34":0,"35":0,"37":0,"38":0,"40":0,"41":0,"42":0,"43":0,"44":0,"45":0,"47":0,"48":0,"50":0,"51":0,"52":0,"53":0,"54":0,"55":0,"56":0,"58":0,"59":0,"61":0,"64":0},"branchMap":{"0":{"type":"branch","line":1,"loc":{"start":{"line":1,"column":0},"end":{"line":87,"column":-930}},"locations":[{"start":{"line":1,"column":0},"end":{"line":87,"column":-930}}]}},"b":{"0":[0]},"fnMap":{"0":{"name":"(empty-report)","decl":{"start":{"line":1,"column":0},"end":{"line":87,"column":-930}},"loc":{"start":{"line":1,"column":0},"end":{"line":87,"column":-930}},"line":1}},"f":{"0":0}}
,"/Users/mattpowell/Dropbox/Javascript/11_Dan_Page/shared-calendar/shared-calendar/src/routes/signout.tsx": {"path":"/Users/mattpowell/Dropbox/Javascript/11_Dan_Page/shared-calendar/shared-calendar/src/routes/signout.tsx","all":true,"statementMap":{"1":{"start":{"line":2,"column":0},"end":{"line":2,"column":70}},"6":{"start":{"line":7,"column":0},"end":{"line":7,"column":50}},"7":{"start":{"line":8,"column":0},"end":{"line":8,"column":25}},"8":{"start":{"line":9,"column":0},"end":{"line":9,"column":3}}},"s":{"1":0,"6":0,"7":0,"8":0},"branchMap":{"0":{"type":"branch","line":1,"loc":{"start":{"line":1,"column":53},"end":{"line":29,"column":-368}},"locations":[{"start":{"line":1,"column":53},"end":{"line":29,"column":-368}}]}},"b":{"0":[1]},"fnMap":{"0":{"name":"(empty-report)","decl":{"start":{"line":1,"column":53},"end":{"line":29,"column":-368}},"loc":{"start":{"line":1,"column":53},"end":{"line":29,"column":-368}},"line":1}},"f":{"0":1}}
,"/Users/mattpowell/Dropbox/Javascript/11_Dan_Page/shared-calendar/shared-calendar/src/routes/view-entry.tsx": {"path":"/Users/mattpowell/Dropbox/Javascript/11_Dan_Page/shared-calendar/shared-calendar/src/routes/view-entry.tsx","all":true,"statementMap":{"0":{"start":{"line":1,"column":0},"end":{"line":1,"column":72}},"4":{"start":{"line":5,"column":0},"end":{"line":5,"column":67}},"5":{"start":{"line":6,"column":0},"end":{"line":6,"column":24}},"6":{"start":{"line":7,"column":0},"end":{"line":7,"column":70}},"7":{"start":{"line":8,"column":0},"end":{"line":8,"column":56}},"10":{"start":{"line":11,"column":0},"end":{"line":11,"column":36}},"11":{"start":{"line":12,"column":0},"end":{"line":12,"column":22}},"12":{"start":{"line":13,"column":0},"end":{"line":13,"column":3}},"14":{"start":{"line":15,"column":0},"end":{"line":15,"column":53}},"15":{"start":{"line":16,"column":0},"end":{"line":16,"column":27}},"16":{"start":{"line":17,"column":0},"end":{"line":17,"column":71}},"18":{"start":{"line":19,"column":0},"end":{"line":19,"column":32}},"19":{"start":{"line":20,"column":0},"end":{"line":20,"column":28}},"20":{"start":{"line":21,"column":0},"end":{"line":21,"column":5}},"22":{"start":{"line":23,"column":0},"end":{"line":23,"column":36}},"24":{"start":{"line":25,"column":0},"end":{"line":25,"column":44}},"25":{"start":{"line":26,"column":0},"end":{"line":26,"column":54}},"26":{"start":{"line":27,"column":0},"end":{"line":27,"column":75}},"27":{"start":{"line":28,"column":0},"end":{"line":28,"column":58}},"28":{"start":{"line":29,"column":0},"end":{"line":29,"column":28}},"29":{"start":{"line":30,"column":0},"end":{"line":30,"column":6}},"30":{"start":{"line":31,"column":0},"end":{"line":31,"column":67}},"31":{"start":{"line":32,"column":0},"end":{"line":32,"column":48}},"33":{"start":{"line":34,"column":0},"end":{"line":34,"column":12}},"34":{"start":{"line":35,"column":0},"end":{"line":35,"column":12}},"35":{"start":{"line":36,"column":0},"end":{"line":36,"column":23}},"36":{"start":{"line":37,"column":0},"end":{"line":37,"column":25}},"37":{"start":{"line":38,"column":0},"end":{"line":38,"column":18}},"38":{"start":{"line":39,"column":0},"end":{"line":39,"column":18}},"39":{"start":{"line":40,"column":0},"end":{"line":40,"column":6}},"40":{"start":{"line":41,"column":0},"end":{"line":41,"column":4}},"42":{"start":{"line":43,"column":0},"end":{"line":43,"column":34}},"45":{"start":{"line":46,"column":0},"end":{"line":46,"column":3}}},"s":{"0":0,"4":0,"5":0,"6":0,"7":0,"10":0,"11":0,"12":0,"14":0,"15":0,"16":0,"18":0,"19":0,"20":0,"22":0,"24":0,"25":0,"26":0,"27":0,"28":0,"29":0,"30":0,"31":0,"33":0,"34":0,"35":0,"36":0,"37":0,"38":0,"39":0,"40":0,"42":0,"45":0},"branchMap":{"0":{"type":"branch","line":1,"loc":{"start":{"line":1,"column":0},"end":{"line":54,"column":-806}},"locations":[{"start":{"line":1,"column":0},"end":{"line":54,"column":-806}}]}},"b":{"0":[0]},"fnMap":{"0":{"name":"(empty-report)","decl":{"start":{"line":1,"column":0},"end":{"line":54,"column":-806}},"loc":{"start":{"line":1,"column":0},"end":{"line":54,"column":-806}},"line":1}},"f":{"0":0}}
,"/Users/mattpowell/Dropbox/Javascript/11_Dan_Page/shared-calendar/shared-calendar/src/store/store.ts": {"path":"/Users/mattpowell/Dropbox/Javascript/11_Dan_Page/shared-calendar/shared-calendar/src/store/store.ts","all":true,"statementMap":{"0":{"start":{"line":1,"column":0},"end":{"line":1,"column":49}},"1":{"start":{"line":2,"column":0},"end":{"line":2,"column":40}},"8":{"start":{"line":9,"column":0},"end":{"line":9,"column":43}},"9":{"start":{"line":10,"column":0},"end":{"line":10,"column":22}},"10":{"start":{"line":11,"column":0},"end":{"line":11,"column":24}},"11":{"start":{"line":12,"column":0},"end":{"line":12,"column":3}},"13":{"start":{"line":14,"column":0},"end":{"line":14,"column":66}},"14":{"start":{"line":15,"column":0},"end":{"line":15,"column":29}},"15":{"start":{"line":16,"column":0},"end":{"line":16,"column":42}},"16":{"start":{"line":17,"column":0},"end":{"line":17,"column":5}},"17":{"start":{"line":18,"column":0},"end":{"line":18,"column":2}},"19":{"start":{"line":20,"column":0},"end":{"line":20,"column":42}},"20":{"start":{"line":21,"column":0},"end":{"line":21,"column":60}},"21":{"start":{"line":22,"column":0},"end":{"line":22,"column":2}},"23":{"start":{"line":24,"column":0},"end":{"line":24,"column":68}},"24":{"start":{"line":25,"column":0},"end":{"line":25,"column":29}},"25":{"start":{"line":26,"column":0},"end":{"line":26,"column":43}},"26":{"start":{"line":27,"column":0},"end":{"line":27,"column":5}},"27":{"start":{"line":28,"column":0},"end":{"line":28,"column":2}},"29":{"start":{"line":30,"column":0},"end":{"line":30,"column":43}},"30":{"start":{"line":31,"column":0},"end":{"line":31,"column":61}},"31":{"start":{"line":32,"column":0},"end":{"line":32,"column":2}}},"s":{"0":0,"1":0,"8":0,"9":0,"10":0,"11":0,"13":0,"14":0,"15":0,"16":0,"17":0,"19":0,"20":0,"21":0,"23":0,"24":0,"25":0,"26":0,"27":0,"29":0,"30":0,"31":0},"branchMap":{"0":{"type":"branch","line":1,"loc":{"start":{"line":1,"column":0},"end":{"line":32,"column":-306}},"locations":[{"start":{"line":1,"column":0},"end":{"line":32,"column":-306}}]}},"b":{"0":[0]},"fnMap":{"0":{"name":"(empty-report)","decl":{"start":{"line":1,"column":0},"end":{"line":32,"column":-306}},"loc":{"start":{"line":1,"column":0},"end":{"line":32,"column":-306}},"line":1}},"f":{"0":0}}
,"/Users/mattpowell/Dropbox/Javascript/11_Dan_Page/shared-calendar/shared-calendar/src/ts/Calendar.ts": {"path":"/Users/mattpowell/Dropbox/Javascript/11_Dan_Page/shared-calendar/shared-calendar/src/ts/Calendar.ts","all":true,"statementMap":{},"s":{},"branchMap":{"0":{"type":"branch","line":1,"loc":{"start":{"line":1,"column":1166},"end":{"line":61,"column":2}},"locations":[{"start":{"line":1,"column":1166},"end":{"line":61,"column":2}}]}},"b":{"0":[1]},"fnMap":{"0":{"name":"(empty-report)","decl":{"start":{"line":1,"column":1166},"end":{"line":61,"column":2}},"loc":{"start":{"line":1,"column":1166},"end":{"line":61,"column":2}},"line":1}},"f":{"0":1}}
,"/Users/mattpowell/Dropbox/Javascript/11_Dan_Page/shared-calendar/shared-calendar/src/ts/Routes.ts": {"path":"/Users/mattpowell/Dropbox/Javascript/11_Dan_Page/shared-calendar/shared-calendar/src/ts/Routes.ts","all":true,"statementMap":{},"s":{},"branchMap":{"0":{"type":"branch","line":1,"loc":{"start":{"line":1,"column":104},"end":{"line":6,"column":15}},"locations":[{"start":{"line":1,"column":104},"end":{"line":6,"column":15}}]}},"b":{"0":[1]},"fnMap":{"0":{"name":"(empty-report)","decl":{"start":{"line":1,"column":104},"end":{"line":6,"column":15}},"loc":{"start":{"line":1,"column":104},"end":{"line":6,"column":15}},"line":1}},"f":{"0":1}}
,"/Users/mattpowell/Dropbox/Javascript/11_Dan_Page/shared-calendar/shared-calendar/src/ts/errorClass.ts": {"path":"/Users/mattpowell/Dropbox/Javascript/11_Dan_Page/shared-calendar/shared-calendar/src/ts/errorClass.ts","all":true,"statementMap":{"0":{"start":{"line":1,"column":0},"end":{"line":1,"column":40}},"1":{"start":{"line":2,"column":0},"end":{"line":2,"column":17}},"3":{"start":{"line":4,"column":0},"end":{"line":4,"column":48}},"4":{"start":{"line":5,"column":0},"end":{"line":5,"column":19}},"5":{"start":{"line":6,"column":0},"end":{"line":6,"column":25}},"6":{"start":{"line":7,"column":0},"end":{"line":7,"column":30}},"7":{"start":{"line":8,"column":0},"end":{"line":8,"column":3}},"8":{"start":{"line":9,"column":0},"end":{"line":9,"column":1}}},"s":{"0":0,"1":0,"3":0,"4":0,"5":0,"6":0,"7":0,"8":0},"branchMap":{"0":{"type":"branch","line":1,"loc":{"start":{"line":1,"column":191},"end":{"line":9,"column":1}},"locations":[{"start":{"line":1,"column":191},"end":{"line":9,"column":1}}]}},"b":{"0":[0]},"fnMap":{"0":{"name":"(empty-report)","decl":{"start":{"line":1,"column":191},"end":{"line":9,"column":1}},"loc":{"start":{"line":1,"column":191},"end":{"line":9,"column":1}},"line":1}},"f":{"0":0}}
}
